+0.000000
+0.000000
+0.000000
+0.000000
+0.000000
+0.000000
-0.010000
+0.000000
+0.000000
-0.010000
+0.000000
-0.010000
-0.010000
+0.000000
+0.000000
+0.000000
+0.000000
+0.030000
+0.010000
+0.140000
+0.310000
+0.490000
+0.620000
+0.820000
+1.050000
+1.350000
+1.530000
+1.650000
+1.750000
+1.870000
+2.000000
+2.140000
+2.320000
+2.480000
+2.630000
+2.690000
+2.750000
+2.800000
+2.890000
+2.890000
+2.780000
+2.690000
+2.650000
+2.470000
+2.270000
+2.100000
+1.950000
+1.910000
+0.930000
+0.930000
+0.940000
+0.940000
+0.950000
+0.970000
+0.940000
+0.910000
+0.920000
+0.940000
+0.920000
+0.890000
+0.820000
+0.770000
+0.720000
+0.670000
+0.670000
+0.620000
+0.580000
+0.560000
+0.490000
+0.430000
+0.240000
+0.000000
+0.000000
+0.000000
+0.000000
+0.000000
+0.000000
+0.000000
+0.010000
+0.000000
+0.000000
+0.000000
+0.000000
+0.000000
+0.020000
+0.000000
+0.000000
+0.000000
+0.000000
+0.010000
+0.000000
