+0.000000
+0.000000
+0.000000
+0.000000
+0.000000
+0.000000
+0.000000
+0.000000
+0.000000
+0.000000
+0.000000
+0.000000
+0.010000
+0.010000
+0.000000
+0.010000
+0.000000
+0.010000
+0.010000
+0.000000
+0.010000
+0.010000
+0.030000
+0.020000
+0.030000
+0.040000
+0.070000
+0.120000
+0.190000
+0.310000
+0.300000
+0.290000
+0.320000
+0.350000
+0.400000
+0.430000
+0.470000
+0.500000
+0.520000
+0.570000
+0.700000
+0.820000
+0.790000
+0.800000
+0.820000
+0.840000
+0.870000
+0.940000
+0.980000
+1.060000
+1.160000
+1.270000
+1.250000
+1.250000
+1.220000
+1.210000
+1.230000
+1.240000
+1.240000
+1.220000
+1.220000
+1.220000
+1.220000
+1.220000
+1.230000
+1.240000
+1.260000
+1.250000
+1.250000
+1.270000
+1.310000
+1.360000
+1.430000
+1.490000
+1.550000
+1.550000
+1.610000
+1.640000
+1.680000
+1.740000
+1.770000
+1.800000
+1.860000
+1.860000
+1.890000
+1.890000
+1.930000
+1.960000
+2.000000
+1.980000
+1.940000
+1.890000
+0.610000
+0.590000
+0.600000
+0.620000
+0.620000
+0.630000
+0.670000
+0.690000
+0.720000
+0.740000
+0.720000
+0.640000
+0.430000
+0.300000
+0.240000
+0.200000
+0.000000
+0.000000
+0.000000
+0.000000
+0.000000
+0.000000
+0.010000
+0.000000
-0.010000
+0.000000
+0.000000
+0.000000
+0.000000
+0.000000
+0.010000
+0.000000
+0.000000
+0.010000
+0.000000
+0.010000
+0.000000
+0.000000
+0.000000
+0.000000
