+0.020000
+0.020000
+0.020000
+0.020000
+0.000000
+0.020000
+0.010000
+0.030000
+0.020000
+0.030000
+0.030000
+0.080000
+0.100000
+0.170000
+0.230000
+0.290000
+0.360000
+0.420000
+0.480000
+0.490000
+0.500000
+0.570000
+0.760000
+0.960000
+1.080000
+1.200000
+1.320000
+1.440000
+1.590000
+1.670000
+1.720000
+1.810000
+1.940000
+1.970000
+2.040000
+2.100000
+2.150000
+2.150000
+2.160000
+2.150000
+0.570000
+0.560000
+0.610000
+0.620000
+0.600000
+0.590000
+0.600000
+0.620000
+0.630000
+0.660000
+0.690000
+0.690000
+0.740000
+0.770000
+0.810000
+0.820000
+0.820000
+0.820000
+0.810000
+0.820000
+0.780000
+0.680000
+0.430000
+0.280000
+0.030000
+0.010000
+0.000000
+0.000000
+0.000000
+0.000000
+0.000000
+0.000000
+0.000000
+0.000000
+0.000000
