+0.000000
+0.000000
+0.000000
-0.010000
+0.000000
+0.000000
+0.000000
+0.000000
+0.000000
+0.000000
+0.000000
+0.000000
+0.010000
+0.000000
+0.010000
+0.000000
+0.000000
+0.000000
+0.000000
+0.010000
+0.000000
+0.010000
+0.030000
+0.040000
+0.050000
+0.160000
+0.280000
+0.370000
+0.460000
+0.560000
+0.700000
+0.840000
+1.000000
+1.150000
+1.270000
+1.320000
+1.430000
+1.490000
+1.610000
+1.720000
+1.800000
+1.870000
+1.940000
+2.040000
+2.110000
+2.180000
+2.290000
+2.330000
+2.390000
+2.460000
+2.530000
+2.630000
+2.720000
+2.780000
+2.830000
+2.910000
+2.930000
+2.990000
+3.060000
+3.080000
+3.120000
+3.120000
+3.120000
+3.120000
+3.130000
+3.120000
+3.110000
+3.050000
+2.990000
+2.920000
+2.800000
+2.660000
+2.560000
+2.490000
+2.450000
+2.330000
+2.270000
+2.250000
+2.250000
+2.240000
+2.140000
+2.080000
+2.010000
+1.950000
+1.870000
+1.880000
+1.920000
+1.920000
+1.910000
+1.900000
+1.850000
+1.840000
+1.820000
+1.750000
+1.680000
+0.940000
+0.920000
+0.950000
+0.940000
+0.920000
+0.900000
+0.890000
+0.890000
+0.840000
+0.820000
+0.800000
+0.780000
+0.740000
+0.620000
+0.560000
+0.540000
+0.520000
+0.560000
+0.560000
+0.550000
+0.400000
+0.000000
+0.000000
+0.000000
+0.000000
+0.000000
+0.000000
+0.000000
+0.000000
+0.000000
+0.000000
+0.000000
+0.000000
+0.000000
+0.000000
