+0.000000
+0.000000
+0.010000
+0.000000
+0.000000
+0.000000
+0.000000
-0.010000
+0.000000
+0.000000
+0.000000
+0.000000
-0.010000
+0.000000
+0.000000
-0.020000
+0.000000
+0.000000
+0.000000
-0.010000
+0.000000
+0.020000
+0.030000
+0.030000
+0.140000
+0.280000
+0.390000
+0.510000
+0.780000
+1.040000
+1.150000
+1.250000
+1.350000
+1.340000
+1.400000
+1.460000
+1.570000
+1.760000
+1.820000
+1.840000
+1.550000
+1.680000
+1.950000
+2.220000
+2.330000
+2.490000
+2.530000
+2.580000
+2.600000
+2.670000
+2.750000
+2.810000
+2.880000
+2.900000
+2.950000
+2.950000
+2.800000
+2.660000
+2.580000
+2.530000
+2.450000
+2.450000
+2.410000
+2.350000
+2.310000
+2.280000
+2.250000
+2.150000
+2.140000
+2.090000
+2.040000
+2.000000
+2.060000
+2.020000
+2.000000
+2.010000
+1.980000
+1.930000
+1.850000
+1.820000
+1.810000
+1.780000
+1.700000
+1.670000
+1.550000
+1.320000
+1.220000
+1.150000
+1.140000
+1.050000
+1.050000
+1.130000
+1.130000
+1.080000
+1.070000
+1.020000
+0.930000
+0.890000
+0.820000
+0.800000
+0.790000
+0.780000
+0.760000
+0.750000
+0.720000
+0.730000
+0.700000
+0.670000
+0.630000
+0.620000
+0.610000
+0.590000
+0.490000
+0.280000
+0.160000
+0.140000
+0.020000
+0.000000
+0.000000
+0.000000
+0.000000
+0.000000
+0.000000
+0.000000
+0.000000
+0.000000
+0.000000
+0.000000
+0.010000
+0.000000
+0.010000
+0.000000
+0.000000
+0.000000
+0.000000
+0.010000
+0.010000
+0.000000
+0.000000
+0.000000
+0.000000
+0.000000
+0.000000
