+0.000000
+0.000000
+0.000000
+0.000000
+0.000000
+0.000000
+0.010000
+0.000000
+0.000000
+0.000000
+0.010000
+0.000000
+0.000000
+0.000000
+0.000000
+0.000000
+0.000000
-0.010000
+0.000000
+0.000000
-0.010000
+0.000000
+0.000000
+0.000000
+0.000000
+0.000000
+0.000000
+0.010000
+0.000000
+0.000000
+0.000000
+0.000000
+0.000000
+0.000000
+0.010000
+0.020000
+0.000000
+0.000000
+0.000000
+0.000000
+0.010000
+0.010000
+0.010000
+0.010000
+0.010000
+0.010000
+0.010000
+0.030000
+0.010000
+0.010000
+0.010000
+0.000000
+0.000000
+0.010000
+0.010000
+0.030000
+0.030000
+0.010000
+0.020000
+0.000000
+0.000000
+0.010000
+0.010000
+0.030000
+0.010000
+0.030000
+0.050000
+0.070000
+0.060000
+0.070000
+0.080000
+0.080000
+0.090000
+0.080000
+0.080000
+0.070000
+0.090000
+0.080000
+0.090000
+0.160000
+0.190000
+0.230000
+0.260000
+0.280000
+0.300000
+0.320000
+0.350000
+0.390000
+0.460000
+0.470000
+0.500000
+0.550000
+0.600000
+0.640000
+0.730000
+0.820000
+0.930000
+0.990000
+1.080000
+1.170000
+1.260000
+1.380000
+1.500000
+1.610000
-0.010000
+0.010000
+0.050000
+0.000000
+0.000000
+0.010000
+0.000000
+0.000000
+0.000000
+0.000000
-0.010000
-0.010000
+0.000000
+0.000000
+0.000000
-0.010000
+0.010000
+0.000000
+0.000000
+0.030000
+0.040000
+0.050000
+0.030000
+0.020000
+0.010000
+0.040000
+0.080000
+0.030000
+0.000000
+0.000000
+0.000000
+0.010000
