+0.000000
+0.000000
+0.000000
+0.000000
+0.000000
+0.000000
+0.010000
+0.030000
+0.030000
+0.040000
+0.040000
+0.030000
+0.040000
+0.040000
+0.040000
+0.070000
+0.080000
+0.110000
+0.160000
+0.220000
+0.300000
+0.380000
+0.460000
+0.530000
+0.590000
+0.670000
+0.720000
+0.800000
+0.890000
+0.960000
+1.010000
+1.070000
+1.140000
+1.220000
+1.270000
+1.330000
+1.440000
+1.480000
+1.550000
+1.600000
+1.630000
+1.670000
+0.500000
+0.520000
+0.530000
+0.560000
+0.570000
+0.600000
+0.610000
+0.640000
+0.670000
+0.660000
+0.680000
+0.660000
+0.590000
+0.420000
+0.270000
+0.230000
+0.170000
+0.170000
+0.170000
+0.180000
+0.140000
+0.110000
+0.100000
+0.100000
+0.000000
+0.000000
+0.000000
+0.000000
+0.000000
+0.010000
+0.000000
+0.000000
+0.000000
+0.000000
+0.000000
