+0.000000
+0.000000
+0.000000
+0.000000
+0.000000
+0.000000
+0.000000
+0.000000
+0.000000
+0.000000
+0.000000
+0.010000
+0.010000
+0.000000
+0.000000
+0.000000
+0.000000
-0.020000
-0.020000
+0.000000
+0.000000
+0.000000
-0.020000
-0.030000
+0.000000
-0.010000
+0.000000
-0.020000
+0.000000
-0.010000
+0.000000
+0.000000
+0.000000
+0.000000
+0.000000
+0.000000
+0.000000
+0.000000
+0.000000
-0.010000
+0.000000
+0.000000
+0.000000
+0.000000
+0.000000
+0.010000
+0.020000
+0.040000
+0.090000
+0.090000
+0.130000
+0.160000
+0.200000
+0.230000
+0.250000
+0.320000
+0.380000
+0.430000
+0.490000
+0.540000
+0.620000
+0.690000
+0.790000
+0.850000
+0.940000
+0.970000
+1.040000
+1.150000
+1.200000
+1.270000
+1.340000
+1.400000
+1.500000
+1.590000
+1.590000
+1.610000
+1.640000
+1.700000
+1.740000
+1.050000
+0.000000
+0.020000
+0.020000
+0.020000
+0.000000
+0.000000
+0.000000
+0.000000
+0.000000
+0.000000
+0.000000
+0.000000
+0.000000
+0.000000
+0.000000
+0.000000
+0.000000
+0.000000
+0.000000
+0.000000
-0.010000
+0.000000
+0.000000
+0.000000
+0.000000
+0.000000
+0.000000
+0.010000
+0.000000
-0.030000
-0.000000
-0.020000
-0.000000
-0.010000
+0.000000
-0.000000
-0.040000
-0.010000
+0.000000
+0.000000
+0.000000
+0.000000
+0.000000
+0.000000
+0.000000
+0.000000
