+0.000000
+0.000000
+0.000000
-0.010000
+0.000000
+0.000000
+0.000000
+0.000000
+0.000000
+0.000000
+0.000000
+0.000000
+0.000000
+0.000000
+0.000000
+0.000000
+0.000000
+0.000000
+0.000000
+0.000000
+0.000000
+0.000000
+0.000000
+0.020000
+0.000000
+0.000000
+0.000000
+0.000000
+0.000000
+0.010000
+0.000000
+0.060000
+0.130000
+0.150000
+0.160000
+0.160000
+0.160000
+0.160000
+0.200000
+0.240000
+0.280000
+0.350000
+0.440000
+0.560000
+0.670000
+0.790000
+0.890000
+1.010000
+1.090000
+1.210000
+1.270000
+1.330000
+1.400000
+1.450000
+1.550000
+1.630000
+1.720000
+1.790000
+1.820000
+1.870000
+1.910000
+1.950000
+1.950000
+1.970000
+1.970000
+1.980000
+1.970000
+2.000000
+2.070000
+2.080000
+2.080000
+2.050000
+2.020000
+2.040000
+2.070000
+2.080000
+2.020000
+2.000000
+2.050000
+2.010000
+0.610000
+0.700000
+0.740000
+0.720000
+0.700000
+0.720000
+0.740000
+0.760000
+0.770000
+0.810000
+0.830000
+0.840000
+0.810000
+0.840000
+0.880000
+0.790000
+0.440000
+0.230000
+0.160000
+0.010000
+0.000000
+0.000000
+0.000000
+0.000000
+0.000000
