-0.010000
+0.000000
-0.010000
-0.020000
+0.000000
+0.000000
+0.000000
+0.000000
+0.000000
+0.000000
+0.000000
+0.000000
+0.020000
+0.070000
+0.160000
+0.350000
+0.400000
+0.500000
+0.690000
+0.940000
+1.130000
+1.280000
+1.370000
+1.460000
+1.640000
+1.760000
+1.940000
+2.130000
+2.280000
+2.400000
+2.470000
+2.500000
+2.500000
+2.570000
+2.600000
+2.660000
+2.730000
+2.760000
+2.770000
+2.830000
+2.840000
+2.880000
+2.890000
+2.860000
+2.860000
+2.880000
+2.930000
+2.940000
+2.930000
+2.960000
+2.930000
+2.860000
+2.790000
+2.590000
+2.390000
+2.080000
+1.900000
+1.850000
+1.830000
+1.810000
+1.810000
+1.760000
+1.760000
+1.740000
+1.710000
+1.670000
+1.620000
+1.600000
+1.600000
+1.540000
+1.520000
+1.480000
+1.400000
+1.320000
+1.300000
+1.280000
+1.230000
+1.220000
+1.090000
+0.950000
+0.890000
+0.850000
+0.820000
+0.770000
+0.740000
+0.700000
+0.670000
+0.560000
+0.310000
+0.130000
+0.100000
+0.000000
+0.000000
+0.000000
+0.000000
+0.000000
+0.000000
+0.000000
-0.010000
+0.000000
+0.000000
+0.000000
+0.000000
+0.000000
+0.000000
+0.000000
+0.000000
+0.000000
+0.000000
+0.000000
+0.000000
+0.000000
