+0.030000
+0.030000
+0.020000
+0.000000
+0.000000
+0.020000
+0.000000
+0.010000
+0.010000
+0.010000
+0.010000
+0.000000
+0.020000
+0.030000
+0.010000
+0.030000
+0.000000
+0.010000
+0.000000
+0.000000
+0.030000
+0.030000
+0.020000
+0.030000
+0.050000
+0.060000
+0.100000
+0.170000
+0.210000
+0.200000
+0.230000
+0.270000
+0.300000
+0.330000
+0.370000
+0.420000
+0.450000
+0.440000
+0.470000
+0.500000
+0.530000
+0.550000
+0.570000
+0.630000
+0.680000
+0.720000
+0.820000
+0.880000
+0.940000
+1.000000
+1.070000
+1.030000
+1.070000
+0.960000
+1.020000
+1.090000
+1.160000
+1.270000
+1.380000
+1.450000
+1.530000
+1.570000
+1.630000
+0.030000
+0.020000
+0.020000
+0.030000
+0.030000
+0.000000
+0.020000
+0.020000
+0.010000
+0.000000
+0.010000
+0.000000
+0.000000
+0.010000
+0.000000
+0.000000
+0.000000
+0.000000
+0.000000
+0.000000
+0.000000
+0.000000
+0.000000
+0.000000
+0.000000
+0.000000
+0.000000
+0.000000
+0.000000
+0.000000
+0.000000
+0.000000
+0.010000
+0.000000
+0.010000
+0.000000
+0.010000
+0.000000
+0.000000
+0.010000
+0.000000
+0.010000
+0.000000
+0.000000
-0.010000
+0.000000
+0.000000
+0.000000
+0.010000
