+0.020000
+0.020000
+0.010000
+0.000000
+0.000000
+0.000000
+0.010000
+0.000000
+0.030000
+0.030000
+0.000000
+0.010000
+0.020000
+0.000000
+0.000000
+0.000000
+0.020000
+0.030000
+0.020000
+0.030000
+0.030000
+0.000000
+0.010000
+0.030000
+0.030000
+0.030000
+0.030000
+0.060000
+0.100000
+0.140000
+0.160000
+0.180000
+0.210000
+0.250000
+0.260000
+0.290000
+0.340000
+0.390000
+0.430000
+0.480000
+0.490000
+0.510000
+0.540000
+0.570000
+0.650000
+0.690000
+0.700000
+0.640000
+0.580000
+0.620000
+0.640000
+0.640000
+0.730000
+0.790000
+0.800000
+0.800000
+0.850000
+0.870000
+0.890000
+0.960000
+1.040000
+1.080000
+1.130000
+1.160000
+1.210000
+1.220000
+1.240000
+1.280000
+1.320000
+1.350000
+1.390000
+1.420000
+1.470000
+1.490000
+1.510000
+1.550000
+1.570000
+1.620000
+1.660000
+1.690000
+1.690000
+1.740000
+1.760000
+1.790000
+1.820000
+1.820000
+1.840000
+1.870000
+1.910000
+1.940000
+1.940000
+1.980000
+1.980000
+2.010000
+2.020000
+2.060000
+2.060000
+2.080000
+2.070000
+2.060000
+2.100000
+2.130000
+2.130000
+2.160000
+2.210000
+2.250000
+2.230000
+2.210000
+2.220000
+2.230000
+2.220000
+2.220000
+2.210000
+2.200000
+2.150000
+0.530000
+0.500000
+0.500000
+0.520000
+0.560000
+0.560000
+0.560000
+0.550000
+0.540000
+0.540000
+0.520000
+0.510000
+0.490000
+0.490000
+0.470000
+0.450000
+0.430000
+0.390000
+0.280000
+0.190000
+0.130000
+0.040000
+0.000000
+0.010000
+0.000000
+0.000000
+0.010000
+0.010000
+0.000000
+0.000000
+0.000000
+0.000000
+0.000000
+0.000000
+0.000000
+0.000000
+0.000000
+0.000000
+0.000000
+0.000000
+0.000000
+0.000000
+0.000000
+0.000000
+0.000000
+0.000000
+0.000000
+0.000000
+0.000000
+0.000000
+0.000000
+0.000000
+0.000000
+0.000000
+0.000000
+0.000000
+0.000000
+0.010000
+0.000000
+0.000000
+0.000000
+0.010000
+0.030000
+0.000000
+0.020000
+0.030000
+0.010000
+0.030000
+0.020000
