+0.000000
+0.000000
+0.000000
+0.000000
+0.000000
+0.000000
+0.000000
+0.000000
+0.000000
+0.000000
+0.000000
+0.000000
+0.000000
+0.000000
+0.000000
+0.000000
+0.000000
+0.000000
+0.000000
+0.000000
+0.000000
+0.000000
+0.010000
+0.000000
+0.000000
+0.000000
+0.000000
+0.000000
+0.000000
+0.000000
+0.000000
+0.000000
+0.000000
-0.010000
+0.000000
+0.010000
+0.000000
+0.010000
+0.010000
+0.000000
+0.000000
+0.000000
+0.000000
+0.000000
+0.000000
+0.000000
+0.000000
+0.000000
+0.000000
+0.000000
+0.000000
+0.000000
+0.000000
+0.000000
+0.010000
+0.000000
+0.010000
-0.010000
+0.000000
+0.000000
+0.000000
+0.000000
+0.000000
+0.000000
+0.000000
+0.000000
+0.000000
+0.000000
+0.000000
+0.000000
+0.000000
+0.000000
+0.000000
+0.000000
+0.000000
+0.000000
+0.000000
+0.000000
+0.000000
+0.000000
+0.000000
+0.000000
+0.000000
+0.000000
+0.000000
+0.000000
+0.000000
+0.000000
+0.000000
-0.010000
+0.000000
+0.000000
+0.000000
+0.000000
+0.000000
+0.000000
+0.000000
+0.000000
+0.000000
+0.000000
+0.000000
+0.010000
+0.000000
+0.000000
+0.000000
+0.000000
+0.000000
+0.000000
+0.000000
+0.000000
+0.000000
+0.000000
+0.000000
+0.000000
+0.000000
+0.000000
+0.000000
+0.000000
+0.000000
+0.000000
+0.000000
+0.000000
+0.000000
+0.000000
+0.000000
+0.000000
+0.000000
+0.010000
+0.010000
+0.010000
+0.030000
+0.030000
+0.010000
+0.030000
+0.020000
+0.000000
+0.010000
+0.010000
+0.030000
+0.020000
+0.020000
+0.010000
+0.010000
+0.030000
+0.030000
+0.050000
+0.070000
+0.060000
+0.060000
+0.070000
+0.080000
+0.100000
+0.110000
+0.140000
+0.170000
+0.160000
+0.180000
+0.200000
+0.220000
+0.230000
+0.260000
+0.260000
+0.290000
+0.300000
+0.310000
+0.320000
+0.350000
+0.360000
+0.370000
+0.400000
+0.430000
+0.430000
+0.460000
+0.470000
+0.490000
+0.530000
+0.570000
+0.580000
+0.620000
+0.660000
+0.670000
+0.680000
+0.690000
+0.700000
+0.720000
+0.750000
+0.770000
+0.770000
+0.780000
+0.790000
+0.820000
+0.850000
+0.880000
+0.850000
+0.850000
+0.810000
+0.790000
+0.810000
+0.820000
+0.800000
+0.790000
+0.760000
+0.760000
+0.740000
+0.760000
+0.770000
+0.800000
+0.820000
+0.820000
+0.820000
+0.810000
+0.820000
+0.790000
+0.760000
+0.760000
+0.800000
+0.820000
+0.830000
+0.750000
+0.680000
+0.630000
+0.620000
+0.620000
+0.690000
+0.800000
+0.870000
+0.890000
+0.890000
+0.920000
+0.930000
+0.970000
+0.990000
+1.020000
+1.020000
+1.040000
+1.060000
+1.080000
+1.090000
+1.100000
+1.130000
+1.170000
+1.190000
+1.220000
+1.240000
+1.280000
+1.300000
+1.290000
+1.290000
+1.310000
+1.330000
+1.370000
+1.380000
+1.400000
+1.400000
+1.410000
+1.370000
+1.340000
+1.240000
+0.990000
+0.660000
+0.430000
+0.300000
+0.230000
+0.140000
+0.080000
+0.030000
+0.030000
+0.000000
+0.000000
+0.000000
+0.010000
+0.000000
+0.000000
+0.000000
+0.000000
+0.000000
+0.000000
+0.000000
+0.000000
-0.010000
+0.010000
+0.000000
+0.000000
-0.010000
+0.000000
+0.000000
+0.000000
+0.000000
+0.000000
+0.000000
+0.000000
+0.000000
-0.010000
+0.000000
-0.010000
+0.000000
-0.010000
+0.000000
+0.000000
+0.010000
+0.020000
+0.000000
+0.000000
+0.010000
+0.030000
+0.000000
+0.010000
+0.040000
+0.080000
+0.110000
+0.200000
+0.260000
+0.330000
+0.350000
+0.350000
+0.390000
+0.420000
+0.390000
+0.440000
+0.440000
+0.460000
+0.460000
+0.470000
+0.460000
+0.490000
+0.510000
+0.560000
+0.600000
+0.620000
+0.630000
+0.660000
+0.720000
+0.740000
+0.740000
+0.760000
+0.820000
+0.850000
+0.890000
+0.910000
+0.950000
+1.010000
+1.050000
+1.070000
+1.080000
+1.090000
+1.110000
+1.160000
+1.180000
+1.180000
+1.210000
+1.240000
+1.280000
+1.290000
+1.280000
+1.280000
+1.340000
+1.370000
+1.390000
+1.390000
+1.410000
+1.420000
+1.450000
+1.450000
+1.490000
+1.470000
+1.430000
+1.400000
+1.400000
+1.410000
+0.460000
+0.460000
+0.450000
+0.460000
+0.460000
+0.460000
+0.440000
+0.430000
+0.420000
+0.430000
+0.420000
+0.410000
+0.410000
+0.390000
+0.420000
+0.430000
+0.440000
+0.440000
+0.450000
+0.460000
+0.460000
+0.460000
+0.460000
+0.470000
+0.480000
+0.490000
+0.500000
+0.510000
+0.510000
+0.500000
+0.490000
+0.500000
+0.500000
+0.510000
+0.500000
+0.510000
+0.510000
+0.500000
+0.490000
+0.490000
+0.490000
+0.490000
+0.490000
+0.480000
+0.470000
+0.460000
+0.140000
+0.110000
+0.110000
+0.120000
+0.120000
+0.130000
+0.150000
+0.120000
+0.100000
+0.100000
+0.100000
+0.100000
+0.100000
+0.080000
+0.070000
+0.070000
+0.080000
+0.070000
+0.060000
+0.070000
+0.070000
+0.070000
+0.050000
+0.010000
+0.000000
+0.000000
+0.000000
+0.010000
+0.000000
+0.000000
+0.000000
+0.000000
+0.000000
+0.000000
+0.000000
+0.000000
+0.000000
+0.000000
+0.000000
+0.000000
+0.000000
+0.000000
+0.000000
+0.000000
+0.000000
+0.000000
+0.000000
+0.000000
-0.010000
+0.000000
+0.000000
+0.000000
+0.010000
+0.000000
+0.000000
+0.000000
+0.000000
+0.000000
+0.010000
+0.010000
+0.000000
+0.000000
+0.000000
+0.000000
+0.010000
+0.000000
+0.000000
+0.000000
+0.000000
+0.000000
+0.000000
+0.000000
+0.000000
+0.000000
+0.000000
+0.000000
+0.000000
+0.000000
+0.010000
+0.000000
+0.010000
+0.000000
+0.000000
+0.000000
+0.000000
+0.000000
+0.000000
+0.010000
+0.010000
+0.000000
+0.000000
+0.000000
+0.000000
+0.000000
+0.000000
+0.000000
+0.000000
+0.000000
+0.000000
