-0.010000
+0.000000
+0.000000
-0.030000
-0.090000
+0.000000
-0.010000
-0.120000
-0.230000
-0.290000
-0.340000
-0.320000
-0.300000
-0.320000
-0.330000
-0.360000
-0.390000
-0.360000
-0.360000
-0.290000
-0.110000
-0.000000
-0.000000
-0.050000
-0.010000
-0.020000
+0.000000
+0.000000
+0.030000
+0.010000
+0.020000
+0.020000
+0.030000
+0.030000
+0.030000
+0.050000
+0.030000
+0.000000
+0.010000
+0.000000
+0.000000
+0.000000
+0.030000
+0.100000
+0.190000
+0.300000
+0.410000
+0.490000
+0.540000
+0.610000
+0.750000
+0.900000
+0.950000
+1.060000
+1.150000
+1.310000
+1.480000
+1.620000
+1.730000
+1.810000
+1.880000
+2.060000
+2.200000
+2.260000
+2.340000
+2.460000
+2.510000
+2.650000
+2.750000
+2.850000
+2.950000
+3.070000
+3.210000
+3.330000
+3.440000
+3.480000
+3.510000
+3.570000
+3.600000
+3.660000
+3.700000
+3.760000
+3.730000
+3.780000
+3.750000
+3.830000
+3.810000
+3.780000
+3.770000
+3.800000
+3.850000
+3.900000
+3.870000
+3.890000
+3.850000
+3.890000
+3.930000
+3.880000
+3.900000
+3.940000
+3.950000
+3.900000
+3.900000
+3.920000
+3.870000
+3.890000
+3.910000
+3.850000
+3.630000
+1.250000
+0.860000
+0.920000
+0.760000
+0.690000
+0.550000
+0.410000
+0.340000
+0.300000
+0.190000
+0.100000
+0.080000
+0.060000
+0.040000
+0.030000
+0.030000
+0.010000
+0.000000
+0.020000
+0.020000
+0.030000
+0.000000
+0.000000
+0.000000
+0.000000
+0.000000
+0.000000
+0.000000
+0.000000
+0.000000
+0.010000
+0.000000
+0.000000
+0.000000
+0.000000
-0.010000
+0.000000
+0.000000
+0.000000
+0.000000
+0.000000
+0.000000
+0.000000
+0.000000
+0.000000
+0.000000
+0.000000
+0.000000
+0.000000
+0.000000
-0.010000
+0.000000
+0.010000
+0.000000
+0.000000
+0.000000
-0.010000
+0.000000
+0.000000
+0.000000
+0.000000
+0.000000
+0.000000
