+0.020000
+0.100000
+0.190000
+0.360000
+0.430000
+0.430000
+0.300000
+0.230000
+0.210000
+0.230000
+0.260000
+0.190000
+0.160000
+0.190000
+0.220000
+0.310000
+0.370000
+0.430000
+0.460000
+0.500000
+0.580000
+0.610000
+0.610000
+0.570000
+0.530000
+0.540000
+0.660000
+0.910000
+0.830000
+0.740000
+0.690000
+0.760000
+0.770000
+0.660000
+0.710000
+0.760000
+0.890000
+0.860000
+1.000000
+1.150000
+1.400000
+1.410000
+1.330000
+1.320000
+1.340000
+1.330000
+1.280000
+1.190000
+1.020000
+0.930000
+0.850000
+1.150000
+1.940000
+2.960000
+3.780000
+4.840000
+6.480000
+8.210000
+9.540000
+10.490000
+11.740000
+12.020000
+12.590000
+13.110000
+13.350000
+13.880000
+14.090000
+14.280000
+14.360000
+14.610000
+14.990000
+15.310000
+15.510000
+15.610000
+15.400000
+15.590000
+15.840000
+15.590000
+15.620000
+15.880000
+16.020000
+15.880000
+15.920000
+15.900000
+16.250000
+16.410000
+16.280000
+16.620000
+16.870000
+16.980000
+16.870000
+17.410000
+17.440000
+17.720000
+17.940000
+17.750000
+17.710000
+17.820000
+18.360000
+18.710000
+18.740000
+18.820000
+19.230000
+19.560000
+19.850000
+19.870000
+20.310000
+20.600000
+20.750000
+21.030000
+21.230000
+21.730000
+22.010000
+22.390000
+22.530000
+22.620000
+22.720000
+23.100000
+23.450000
+23.440000
+23.770000
+24.160000
+24.720000
+24.950000
+25.280000
+25.340000
+25.120000
+23.840000
+23.260000
+22.980000
+22.980000
+22.780000
+22.720000
+22.940000
+22.930000
+23.130000
+23.250000
+23.640000
+23.680000
+23.840000
+23.980000
+23.960000
+24.190000
+24.400000
+24.560000
+24.720000
+24.880000
+24.820000
+24.810000
+24.820000
+24.890000
+24.940000
+24.950000
+24.660000
+25.090000
+25.220000
+24.520000
+24.500000
+24.960000
+25.150000
+25.300000
+25.220000
+24.980000
+16.740000
+15.160000
+13.170000
+11.940000
+4.500000
+3.220000
+1.890000
+1.510000
+1.060000
+0.790000
+0.630000
+0.400000
+0.100000
+0.110000
+0.050000
+0.000000
-0.020000
-0.070000
-0.080000
-0.140000
-0.170000
-0.330000
-0.150000
-0.020000
-0.030000
-0.020000
-0.010000
-0.010000
-0.020000
-0.000000
-0.020000
-0.020000
-0.000000
-0.010000
-0.020000
-0.010000
+0.000000
+0.020000
