+0.290000
+0.300000
+0.330000
+0.340000
+0.350000
+0.300000
+0.270000
+0.280000
+0.260000
+0.270000
+0.250000
+0.250000
+0.280000
+0.280000
+0.240000
+0.370000
+0.440000
+0.370000
+0.430000
+0.440000
+0.410000
+0.360000
+0.390000
+0.380000
+0.390000
+0.340000
+0.410000
+0.460000
+0.280000
+0.200000
+0.140000
+0.450000
+0.420000
+0.330000
+0.280000
+0.070000
+0.000000
+0.000000
+0.000000
+0.030000
+0.030000
+0.080000
+0.030000
+0.030000
+0.170000
+0.130000
+0.130000
+0.130000
+0.210000
+0.360000
+0.490000
+0.580000
+0.690000
+0.940000
+0.970000
+0.900000
+0.910000
+0.880000
+1.540000
+2.530000
+4.030000
+5.060000
+5.780000
+6.780000
+7.800000
+8.600000
+9.040000
+7.970000
+8.960000
+10.280000
+11.280000
+11.500000
+12.100000
+13.080000
+13.450000
+13.540000
+13.610000
+14.330000
+14.520000
+14.720000
+14.980000
+15.700000
+15.190000
+13.380000
+13.060000
+14.040000
+14.760000
+15.810000
+15.860000
+16.040000
+15.980000
+16.310000
+16.020000
+16.320000
+16.600000
+16.470000
+16.640000
+16.710000
+16.540000
+16.630000
+16.830000
+16.940000
+17.060000
+17.420000
+17.630000
+17.460000
+17.630000
+17.540000
+17.040000
+17.260000
+17.260000
+17.380000
+17.590000
+17.850000
+18.060000
+18.420000
+18.310000
+18.610000
+19.120000
+19.200000
+18.950000
+18.640000
+19.130000
+19.320000
+20.010000
+20.050000
+20.350000
+20.480000
+20.750000
+20.860000
+21.080000
+20.860000
+21.160000
+20.980000
+21.340000
+21.560000
+22.100000
+22.290000
+22.300000
+22.640000
+22.680000
+22.540000
+22.950000
+22.930000
+23.380000
+23.240000
+23.730000
+23.530000
+24.130000
+24.320000
+24.200000
+24.610000
+24.680000
+24.960000
+25.160000
+25.130000
+24.350000
+24.720000
+25.400000
+25.610000
+25.940000
+25.380000
+25.680000
+26.290000
+26.520000
+26.810000
+27.110000
+27.060000
+27.290000
+27.550000
+27.980000
+28.240000
+28.510000
+28.860000
+28.790000
+29.220000
+29.130000
+29.240000
+29.510000
+29.620000
+29.590000
+29.930000
+30.150000
+30.700000
+30.930000
+31.200000
+31.460000
+31.600000
+31.660000
+31.780000
+31.930000
+32.050000
+32.620000
+32.920000
+33.300000
+33.270000
+33.650000
+33.970000
+34.290000
+34.650000
+34.560000
+34.440000
+34.730000
+35.300000
+35.250000
+35.390000
+36.140000
+35.940000
+36.570000
+36.580000
+36.590000
+34.710000
+26.830000
+24.350000
+20.320000
+11.350000
+6.870000
+3.090000
+2.050000
+1.390000
