+0.000000
+0.000000
+0.000000
+0.000000
+0.000000
+0.000000
+0.000000
-0.010000
-0.020000
-0.010000
-0.010000
-0.010000
+0.000000
+0.000000
+0.000000
+0.000000
+0.010000
+0.000000
+0.000000
+0.000000
+0.000000
+0.000000
+0.000000
+0.000000
-0.010000
+0.000000
+0.000000
+0.000000
+0.000000
-0.010000
+0.000000
+0.000000
+0.000000
+0.020000
+0.020000
+0.040000
+0.100000
+0.120000
+0.170000
+0.250000
+0.340000
+0.440000
+0.460000
+0.460000
+0.430000
+0.430000
+0.480000
+0.570000
+0.640000
+0.680000
+0.710000
+0.790000
+0.860000
+0.870000
+0.890000
+0.890000
+0.940000
+1.000000
+1.000000
+1.020000
+0.990000
+1.070000
+1.150000
+1.250000
+1.340000
+1.420000
+1.510000
+1.520000
+1.580000
+1.630000
+1.650000
+1.690000
+1.700000
+1.740000
+1.810000
+1.810000
+1.820000
+1.870000
+1.940000
+1.980000
+1.980000
+1.950000
+2.060000
+2.080000
+2.110000
+2.140000
+2.150000
+2.190000
+2.210000
+2.240000
+2.250000
+2.270000
+2.270000
+2.290000
+2.290000
+2.320000
+2.310000
+2.330000
+2.380000
+2.340000
+2.360000
+0.540000
+0.450000
+0.500000
+0.530000
+0.540000
+0.490000
+0.490000
+0.490000
+0.490000
+0.490000
+0.480000
+0.440000
+0.430000
+0.400000
+0.350000
+0.230000
+0.110000
+0.030000
+0.000000
+0.000000
+0.030000
+0.000000
-0.020000
+0.000000
+0.000000
-0.020000
+0.000000
+0.010000
+0.000000
+0.000000
+0.000000
+0.000000
+0.000000
+0.000000
+0.000000
+0.010000
+0.000000
+0.000000
+0.000000
+0.000000
+0.000000
+0.000000
+0.000000
+0.000000
+0.000000
+0.000000
+0.000000
+0.000000
+0.000000
+0.000000
+0.000000
+0.000000
+0.000000
+0.000000
+0.010000
+0.000000
+0.000000
+0.000000
+0.000000
+0.000000
+0.000000
+0.000000
+0.010000
+0.000000
+0.000000
+0.000000
+0.000000
+0.000000
