+0.000000
+0.000000
+0.000000
+0.000000
+0.000000
+0.000000
+0.000000
+0.000000
+0.000000
+0.010000
+0.000000
+0.000000
+0.000000
+0.000000
+0.000000
+0.000000
+0.000000
+0.000000
+0.000000
+0.000000
+0.000000
+0.000000
+0.000000
+0.000000
+0.000000
+0.000000
+0.000000
+0.000000
+0.000000
+0.000000
+0.000000
+0.000000
+0.000000
+0.000000
+0.000000
+0.000000
+0.000000
+0.000000
+0.000000
+0.000000
+0.000000
+0.000000
+0.000000
-0.010000
+0.000000
+0.000000
+0.000000
+0.020000
+0.000000
+0.010000
+0.000000
+0.010000
+0.000000
+0.010000
+0.000000
+0.010000
+0.000000
+0.030000
+0.020000
+0.030000
+0.020000
+0.010000
+0.030000
+0.030000
+0.020000
+0.030000
+0.030000
+0.030000
+0.010000
+0.010000
+0.010000
+0.010000
+0.000000
+0.030000
+0.030000
+0.030000
+0.030000
+0.030000
+0.050000
+0.080000
+0.120000
+0.200000
+0.240000
+0.310000
+0.390000
+0.430000
+0.490000
+0.570000
+0.660000
+0.730000
+0.820000
+0.950000
+1.060000
+1.190000
+1.280000
+1.370000
+1.440000
+1.500000
+1.610000
+1.680000
+1.700000
+1.690000
+1.720000
+1.760000
+1.820000
+0.000000
+0.000000
+0.000000
+0.000000
+0.000000
+0.000000
-0.010000
+0.000000
+0.000000
+0.010000
+0.000000
-0.010000
+0.000000
+0.000000
+0.000000
+0.010000
+0.000000
+0.000000
+0.000000
+0.000000
-0.010000
+0.000000
+0.000000
+0.000000
+0.000000
+0.000000
+0.000000
+0.010000
+0.000000
+0.000000
+0.000000
+0.000000
