+0.000000
-0.010000
+0.000000
+0.000000
+0.000000
+0.000000
+0.000000
+0.000000
+0.000000
-0.010000
-0.010000
-0.010000
+0.000000
-0.010000
-0.010000
+0.000000
+0.000000
+0.000000
+0.000000
+0.000000
+0.000000
+0.000000
+0.000000
+0.000000
+0.000000
+0.000000
+0.000000
+0.000000
-0.010000
-0.010000
+0.000000
+0.000000
+0.000000
+0.000000
+0.000000
-0.010000
+0.000000
+0.000000
-0.010000
+0.000000
+0.000000
-0.010000
+0.000000
+0.000000
+0.000000
+0.000000
-0.010000
-0.010000
+0.000000
+0.000000
+0.000000
+0.000000
-0.010000
-0.010000
-0.010000
-0.010000
+0.010000
+0.000000
+0.000000
+0.000000
+0.000000
-0.010000
+0.000000
+0.000000
+0.000000
+0.000000
+0.000000
+0.020000
+0.000000
+0.100000
+0.360000
+0.430000
+0.530000
+0.840000
+1.050000
+1.150000
+1.100000
+1.090000
+1.100000
+1.240000
+1.400000
+1.340000
+1.550000
+1.920000
+2.180000
+2.380000
+2.650000
+2.960000
+3.230000
+3.600000
+3.810000
+4.110000
+4.310000
+4.580000
+4.930000
+5.230000
+5.540000
+5.700000
+5.750000
+5.820000
+5.790000
+5.760000
+5.800000
+5.860000
+5.940000
+5.930000
+5.890000
+5.730000
+5.470000
+5.370000
+5.100000
+4.670000
+4.650000
+4.480000
+4.320000
+4.400000
+4.350000
+4.810000
+5.150000
+5.560000
+5.730000
+5.630000
+5.590000
+4.850000
+4.450000
+4.950000
+5.290000
+5.510000
+5.670000
+5.820000
+5.990000
+6.280000
+6.330000
+6.350000
+6.460000
+6.620000
+6.740000
+6.870000
+7.020000
+7.000000
+7.010000
+7.060000
+7.170000
+7.310000
+7.330000
+7.390000
+7.410000
+7.440000
+7.490000
+7.640000
+7.680000
+7.740000
+7.940000
+7.980000
+8.080000
+8.190000
+8.290000
+8.420000
+8.570000
+8.640000
+8.800000
+8.980000
+9.210000
+9.370000
+9.540000
+9.720000
+9.900000
+10.060000
+10.200000
+10.260000
+10.360000
+10.440000
+10.570000
+10.750000
+10.870000
+11.000000
+11.160000
+11.340000
+11.310000
+11.400000
+11.420000
+11.520000
+11.580000
+11.640000
+11.750000
+11.930000
+11.990000
+12.260000
+12.160000
+12.230000
+12.320000
+12.360000
+12.530000
+12.650000
+12.800000
+12.920000
+12.990000
+12.990000
+13.030000
+13.090000
+13.150000
+13.200000
+13.210000
+13.290000
+13.360000
+13.430000
+13.550000
+13.560000
+13.600000
+13.660000
+13.690000
+13.840000
+13.780000
+13.860000
+13.890000
+13.990000
+14.070000
+14.160000
+14.300000
+14.470000
+14.490000
+14.570000
+14.710000
+14.690000
+14.910000
+15.100000
+15.210000
+15.220000
+15.410000
+15.510000
+15.630000
+15.710000
+15.820000
+15.890000
+16.020000
+16.190000
+16.150000
+16.110000
+16.410000
+16.400000
+16.540000
+16.540000
+16.270000
+16.340000
+16.540000
+16.590000
+16.560000
+16.850000
+17.020000
+17.100000
+17.160000
+17.330000
+17.360000
+17.460000
+17.420000
+17.410000
+17.560000
+17.730000
+17.590000
+17.810000
+17.770000
+17.860000
+18.200000
+18.140000
+18.070000
+18.220000
+18.370000
+18.370000
+18.390000
+18.280000
+18.270000
+18.740000
+18.550000
+18.440000
+18.570000
+18.640000
+19.030000
+18.870000
+18.970000
+19.050000
+19.300000
+19.480000
+19.560000
+19.330000
+19.570000
+19.500000
+19.350000
+19.320000
+19.550000
+19.500000
+19.600000
+19.690000
+19.730000
+19.950000
+19.980000
+20.230000
+20.230000
+20.160000
+20.320000
+20.560000
+20.600000
+20.860000
+21.040000
+21.090000
+20.940000
+21.010000
+21.410000
+21.370000
+21.480000
+20.870000
+21.010000
+21.140000
+21.570000
+21.620000
+21.600000
+21.340000
+21.670000
+22.000000
+22.000000
+22.190000
+22.370000
+22.590000
+22.730000
+22.880000
+22.950000
+22.880000
+23.120000
+23.180000
+22.960000
+22.930000
+22.950000
+22.950000
+22.740000
+22.790000
+23.010000
+23.030000
+22.790000
+22.660000
+22.830000
+23.060000
+23.140000
+23.440000
+23.110000
+23.440000
+23.290000
+23.610000
+23.940000
+24.230000
+24.230000
+24.410000
+23.890000
+24.260000
+24.470000
+24.450000
+25.010000
+25.260000
+25.470000
+25.480000
+25.840000
+25.570000
+26.040000
+26.010000
+26.010000
+26.150000
+25.600000
+25.570000
+25.880000
+26.180000
+26.530000
+26.280000
+26.340000
+26.240000
+26.250000
+26.300000
+26.300000
+26.310000
+26.420000
+26.800000
+26.970000
+26.800000
+26.970000
+27.590000
+27.490000
+27.590000
+27.620000
+27.520000
+27.340000
+27.230000
+27.320000
+27.030000
+27.230000
+27.780000
+28.050000
+28.330000
+28.530000
+28.070000
+28.670000
+28.100000
+27.390000
+19.440000
+12.210000
+8.290000
+5.560000
+3.420000
+2.610000
+2.520000
+2.140000
+0.860000
+0.230000
+0.000000
-0.020000
+0.000000
+0.000000
-0.010000
+0.000000
-0.010000
+0.000000
+0.000000
-0.010000
+0.000000
+0.000000
+0.000000
+0.000000
+0.000000
+0.000000
+0.000000
-0.010000
-0.010000
-0.030000
-0.010000
-0.010000
+0.000000
+0.000000
+0.000000
+0.000000
-0.010000
+0.000000
+0.000000
+0.000000
+0.000000
+0.000000
+0.000000
+0.000000
+0.010000
-0.010000
-0.010000
+0.000000
+0.000000
+0.000000
+0.000000
+0.000000
+0.000000
+0.000000
+0.000000
