-0.020000
-0.010000
-0.020000
-0.020000
+0.000000
+0.000000
+0.000000
-0.010000
-0.010000
+0.000000
+0.000000
+0.000000
+0.000000
-0.010000
+0.000000
+0.000000
+0.000000
+0.010000
+0.000000
+0.000000
-0.010000
-0.010000
+0.000000
+0.000000
+0.000000
+0.000000
+0.000000
-0.010000
+0.000000
+0.000000
-0.010000
+0.000000
+0.000000
+0.000000
+0.000000
+0.000000
+0.010000
+0.000000
+0.030000
+0.020000
+0.210000
+0.230000
+0.080000
+0.230000
+0.270000
+0.070000
+0.020000
+0.030000
+0.030000
+0.010000
+0.010000
+0.030000
+0.160000
+0.230000
+0.060000
+0.010000
+0.000000
+0.010000
+0.020000
+0.010000
+0.040000
+0.080000
+0.170000
+0.320000
+0.470000
+0.620000
+0.980000
+1.610000
+1.960000
+2.600000
+2.350000
+2.290000
+2.420000
+2.410000
+2.410000
+2.660000
+2.800000
+2.470000
+2.220000
+2.040000
+1.830000
+1.400000
+1.340000
+1.610000
+1.880000
+1.900000
+2.300000
+2.960000
+3.300000
+3.530000
+2.760000
+1.650000
+1.890000
+1.870000
+1.940000
+2.090000
+2.210000
+2.390000
+2.700000
+2.620000
+2.280000
+2.810000
+3.550000
+3.840000
+4.400000
+5.540000
+7.330000
+7.960000
+7.920000
+9.060000
+11.970000
+14.000000
+14.340000
+14.530000
+15.340000
+17.960000
+20.580000
+21.600000
+23.700000
+23.870000
+24.720000
+24.520000
+25.670000
+26.200000
+25.940000
+26.070000
+26.060000
+26.530000
+26.850000
+26.340000
+26.200000
+26.400000
+26.910000
+27.690000
+27.980000
+27.980000
+28.490000
+28.830000
+29.460000
+30.130000
+30.700000
+30.580000
+31.150000
+31.640000
+32.050000
+32.770000
+33.670000
+34.050000
+34.620000
+34.190000
+34.380000
+34.300000
+34.750000
+34.340000
+33.800000
+34.480000
+34.300000
+34.380000
+34.520000
+33.100000
+31.400000
+30.940000
+31.600000
+32.970000
+33.000000
+32.450000
+33.720000
+33.810000
+33.770000
+33.630000
+3.700000
+1.730000
+0.480000
+0.500000
+0.290000
+0.300000
+0.290000
+0.250000
+0.510000
+0.690000
+0.690000
+0.690000
+0.500000
+0.480000
+0.470000
+0.460000
+0.440000
+0.430000
+0.450000
+0.350000
+0.290000
+0.290000
+0.280000
+0.270000
+0.250000
+0.250000
+0.210000
+0.110000
+0.020000
+0.020000
+0.000000
+0.030000
+0.030000
+0.230000
+0.240000
+0.150000
+0.010000
+0.020000
+0.010000
+0.020000
+0.000000
+0.000000
+0.000000
+0.000000
+0.150000
+0.170000
+0.020000
+0.000000
+0.000000
+0.000000
-0.010000
+0.000000
+0.000000
+0.000000
+0.000000
+0.000000
+0.000000
+0.000000
