+0.000000
+0.000000
-0.020000
+0.000000
+0.000000
+0.000000
+0.000000
+0.000000
+0.000000
+0.000000
+0.000000
+0.000000
-0.010000
+0.000000
+0.000000
+0.000000
+0.000000
+0.000000
+0.000000
+0.000000
+0.000000
+0.000000
+0.000000
+0.000000
-0.010000
+0.010000
+0.000000
-0.010000
+0.000000
+0.000000
+0.000000
+0.000000
+0.000000
-0.010000
+0.000000
+0.010000
+0.030000
+0.040000
+0.030000
+0.100000
+0.040000
+0.030000
+0.040000
+0.400000
+0.360000
+0.580000
+0.910000
+1.260000
+1.740000
+2.250000
+2.910000
+3.920000
+4.560000
+5.230000
+5.740000
+6.410000
+6.860000
+7.620000
+8.310000
+8.920000
+9.110000
+9.540000
+9.900000
+10.520000
+11.460000
+12.190000
+12.480000
+12.570000
+13.040000
+13.750000
+14.010000
+14.540000
+15.490000
+16.070000
+16.910000
+17.480000
+17.940000
+18.310000
+18.940000
+19.450000
+20.080000
+20.730000
+21.000000
+21.380000
+21.710000
+21.810000
+22.180000
+22.820000
+23.220000
+23.640000
+23.680000
+24.210000
+24.570000
+25.020000
+25.260000
+25.420000
+25.620000
+25.540000
+26.210000
+26.710000
+26.850000
+26.960000
+26.760000
+27.120000
+27.440000
+27.370000
+27.850000
+28.100000
+27.780000
+27.550000
+27.350000
+27.790000
+27.820000
+28.010000
+28.470000
+28.300000
+28.640000
+29.080000
+29.080000
+29.310000
+29.490000
+29.400000
+29.720000
+29.290000
+29.230000
+29.100000
+29.250000
+29.430000
+30.020000
+29.790000
+29.440000
+29.080000
+29.620000
+30.480000
+30.800000
+30.780000
+31.260000
+31.310000
+31.470000
+31.720000
+31.590000
+31.920000
+32.190000
+32.160000
+31.690000
+31.810000
+31.880000
+31.790000
+32.100000
+32.780000
+32.540000
+32.670000
+32.420000
+32.960000
+33.040000
+33.770000
+33.190000
+30.700000
+28.860000
+29.300000
+29.140000
+30.890000
+31.390000
+30.790000
+31.000000
+31.420000
+31.860000
+31.600000
+31.120000
+30.220000
-0.010000
+0.000000
-0.010000
+0.000000
+0.000000
+0.000000
-0.010000
-0.010000
+0.000000
-0.010000
+0.000000
+0.000000
+0.000000
+0.000000
-0.010000
-0.010000
+0.000000
+0.000000
+0.000000
+0.000000
+0.000000
-0.010000
+0.000000
+0.000000
-0.010000
+0.000000
+0.000000
+0.000000
+0.000000
-0.010000
-0.010000
+0.000000
+0.000000
+0.000000
-0.020000
+0.000000
+0.000000
+0.000000
+0.000000
+0.000000
+0.000000
-0.010000
+0.000000
+0.000000
+0.000000
-0.010000
-0.010000
-0.010000
+0.000000
+0.000000
+0.000000
+0.000000
-0.010000
+0.000000
+0.000000
+0.000000
+0.000000
-0.010000
+0.000000
-0.010000
-0.020000
