-0.010000
-0.030000
-0.030000
-0.000000
-0.030000
-0.000000
-0.010000
-0.030000
-0.020000
-0.030000
-0.020000
-0.020000
-0.030000
-0.020000
-0.030000
-0.030000
-0.020000
-0.020000
-0.020000
-0.030000
-0.030000
-0.010000
-0.030000
-0.030000
-0.030000
-0.020000
-0.020000
-0.020000
-0.010000
-0.020000
-0.000000
-0.030000
-0.010000
-0.020000
-0.010000
-0.020000
-0.020000
-0.030000
-0.020000
-0.030000
-0.020000
-0.020000
-0.020000
-0.010000
-0.020000
-0.010000
-0.000000
-0.020000
-0.030000
-0.020000
-0.020000
-0.020000
-0.020000
-0.030000
-0.030000
-0.030000
-0.020000
-0.020000
-0.020000
+0.000000
+0.000000
-0.010000
+0.010000
+0.020000
+0.000000
+0.010000
+0.150000
+0.220000
+0.230000
+0.250000
+0.360000
+0.410000
+0.430000
+0.450000
+0.460000
+0.490000
+0.510000
+0.430000
+0.390000
+0.410000
+0.370000
+0.400000
+0.440000
+0.500000
+0.600000
+0.720000
+0.830000
+0.760000
+0.700000
+0.740000
+0.720000
+0.830000
+0.830000
+0.860000
+1.260000
+1.680000
+2.150000
+2.560000
+3.030000
+3.250000
+3.150000
+2.720000
+3.840000
+4.960000
+5.890000
+6.750000
+7.690000
+7.630000
+8.090000
+8.820000
+9.490000
+10.030000
+10.360000
+10.650000
+10.920000
+11.190000
+11.670000
+11.940000
+12.360000
+12.710000
+12.740000
+13.040000
+13.240000
+13.590000
+13.920000
+13.970000
+14.160000
+14.320000
+14.540000
+14.830000
+15.060000
+15.030000
+15.050000
+15.250000
+15.420000
+15.680000
+15.450000
+15.610000
+15.850000
+16.060000
+16.190000
+16.530000
+16.670000
+16.830000
+17.040000
+17.110000
+17.200000
+17.340000
+17.430000
+17.610000
+17.740000
+17.850000
+17.890000
+17.980000
+18.080000
+18.230000
+18.290000
+18.450000
+18.660000
+18.640000
+18.650000
+18.720000
+18.880000
+18.730000
+18.760000
+19.060000
+19.300000
+19.480000
+19.550000
+19.610000
+19.630000
+19.760000
+20.140000
+19.700000
+19.680000
+19.720000
+19.850000
+20.040000
+20.020000
+20.140000
+20.300000
+20.240000
+20.290000
+20.310000
+20.460000
+20.570000
+20.750000
+20.920000
+20.990000
+21.030000
+21.210000
+21.390000
+21.320000
+21.420000
+21.300000
+21.440000
+21.210000
+21.110000
+21.760000
+21.670000
+21.800000
+21.850000
+22.030000
+22.190000
+22.240000
+22.320000
+22.270000
+22.590000
+22.580000
+22.850000
+23.120000
+23.290000
+23.360000
+23.590000
+23.710000
+23.720000
+24.190000
+24.180000
+24.040000
+24.250000
+24.470000
+24.770000
+25.130000
+25.180000
+25.380000
+25.560000
+25.550000
+25.450000
+25.860000
+26.190000
+26.290000
+26.630000
+26.580000
+27.080000
+27.000000
+27.350000
+27.130000
+27.450000
+27.680000
+27.790000
+27.920000
+28.030000
+28.370000
+28.370000
+28.600000
+28.550000
+28.780000
+29.110000
+28.730000
+28.840000
+28.990000
+29.170000
+29.540000
+29.430000
+29.670000
+29.800000
+29.960000
+30.190000
+29.290000
+28.510000
+28.310000
+28.530000
+28.010000
+27.490000
+27.390000
+26.940000
+26.810000
+26.320000
+9.540000
+7.160000
+7.470000
+8.830000
+8.990000
+8.970000
+8.900000
+8.930000
+9.110000
+9.120000
+8.850000
+8.590000
+8.060000
+5.610000
+4.380000
+3.660000
+3.440000
+3.060000
+1.960000
+0.220000
+0.030000
-0.040000
-0.030000
-0.020000
-0.000000
-0.020000
+0.000000
+0.000000
+0.000000
+0.010000
+0.000000
+0.000000
+0.010000
+0.000000
+0.010000
+0.000000
-0.010000
-0.020000
+0.000000
-0.010000
-0.010000
-0.010000
-0.010000
+0.000000
-0.010000
