+0.000000
-0.010000
+0.000000
+0.000000
+0.000000
+0.010000
+0.000000
-0.010000
+0.000000
+0.000000
+0.000000
+0.000000
+0.000000
+0.000000
-0.020000
+0.000000
+0.000000
+0.000000
+0.000000
+0.000000
+0.000000
+0.020000
+0.020000
+0.030000
+0.020000
+0.000000
+0.020000
+0.020000
+0.010000
+0.030000
+0.040000
+0.030000
+0.050000
+0.040000
+0.050000
+0.050000
+0.010000
+0.000000
+0.000000
+0.000000
-0.010000
-0.010000
+0.000000
+0.000000
+0.000000
-0.010000
+0.000000
+0.000000
+0.000000
+0.000000
+0.000000
+0.000000
+0.000000
+0.000000
+0.000000
+0.000000
-0.010000
+0.000000
+0.000000
+0.000000
+0.000000
+0.000000
+0.000000
+0.000000
+0.000000
+0.010000
+0.000000
+0.000000
+0.000000
+0.000000
+0.000000
+0.000000
+0.000000
+0.000000
+0.000000
+0.000000
+0.000000
+0.020000
+0.030000
+0.060000
+0.080000
+0.110000
+0.180000
+0.230000
+0.300000
+0.360000
+0.390000
+0.440000
+0.450000
+0.490000
+0.560000
+0.730000
+0.850000
+0.910000
+0.950000
+0.990000
+1.050000
+1.170000
+1.220000
+1.270000
+1.300000
+1.400000
+1.480000
+1.530000
+1.550000
+1.620000
+1.700000
+1.820000
+1.850000
+1.930000
+2.010000
+2.100000
+2.170000
+2.210000
+2.310000
+2.400000
+2.480000
+2.550000
+2.620000
+2.610000
+2.640000
+2.660000
+2.710000
+2.730000
+2.690000
+2.770000
+2.860000
+2.930000
+2.970000
+2.960000
+2.980000
+2.970000
+2.990000
+3.000000
+2.990000
+3.030000
+3.050000
+3.080000
+3.120000
+3.120000
+3.180000
+3.170000
+3.140000
+3.120000
+3.130000
+3.170000
+3.200000
+3.180000
+3.190000
+3.190000
+3.220000
+3.170000
+3.190000
+3.220000
+3.190000
+3.170000
+3.130000
+3.040000
+1.520000
+1.150000
+1.130000
+1.130000
+0.990000
+0.900000
+0.850000
+0.830000
+0.770000
+0.720000
+0.670000
+0.630000
+0.610000
+0.560000
+0.550000
+0.560000
+0.560000
+0.560000
+0.550000
+0.560000
+0.510000
+0.480000
+0.410000
+0.310000
+0.170000
+0.060000
+0.030000
+0.010000
+0.000000
+0.000000
+0.000000
+0.000000
-0.010000
+0.000000
+0.000000
+0.000000
+0.000000
+0.000000
+0.000000
+0.000000
+0.000000
+0.000000
-0.010000
+0.000000
+0.000000
+0.000000
+0.000000
+0.000000
+0.000000
+0.000000
+0.000000
+0.000000
+0.010000
+0.000000
+0.000000
+0.000000
+0.000000
+0.000000
+0.000000
+0.000000
+0.000000
+0.010000
+0.010000
+0.010000
+0.030000
+0.030000
+0.020000
+0.020000
+0.020000
+0.000000
+0.000000
+0.000000
+0.000000
+0.000000
+0.000000
+0.000000
+0.000000
+0.000000
+0.000000
+0.000000
+0.000000
+0.000000
+0.000000
+0.010000
+0.000000
+0.000000
+0.010000
+0.010000
+0.000000
+0.000000
+0.000000
+0.000000
+0.000000
+0.000000
+0.000000
+0.000000
+0.000000
+0.000000
+0.000000
+0.000000
+0.000000
+0.000000
+0.000000
+0.000000
+0.000000
+0.000000
+0.000000
+0.000000
+0.000000
+0.000000
+0.000000
+0.000000
+0.000000
+0.000000
+0.010000
+0.000000
+0.000000
+0.000000
+0.000000
+0.000000
+0.000000
+0.000000
+0.000000
+0.000000
+0.010000
+0.000000
+0.000000
+0.000000
+0.000000
+0.000000
+0.000000
+0.000000
+0.000000
-0.010000
+0.000000
+0.000000
+0.000000
+0.000000
+0.000000
+0.000000
+0.000000
+0.000000
+0.000000
+0.000000
+0.000000
+0.000000
+0.000000
+0.000000
+0.000000
+0.000000
+0.000000
+0.000000
+0.000000
+0.000000
+0.000000
+0.000000
+0.000000
+0.000000
+0.000000
+0.010000
+0.000000
+0.000000
+0.000000
+0.000000
+0.000000
+0.000000
+0.000000
+0.000000
+0.000000
+0.000000
+0.000000
+0.000000
+0.000000
+0.000000
+0.010000
+0.000000
+0.000000
+0.000000
+0.000000
+0.000000
+0.000000
+0.000000
-0.010000
+0.000000
+0.000000
+0.000000
+0.000000
+0.000000
+0.000000
+0.000000
