-0.030000
-0.040000
-0.040000
-0.050000
-0.050000
-0.050000
-0.050000
-0.050000
-0.040000
-0.050000
-0.060000
-0.040000
-0.030000
-0.060000
-0.000000
-0.060000
-0.070000
-0.100000
-0.080000
-0.080000
-0.090000
-0.090000
-0.070000
-0.070000
-0.080000
-0.080000
-0.070000
-0.070000
-0.070000
-0.060000
-0.060000
-0.050000
-0.010000
-0.000000
-0.000000
-0.030000
-0.010000
-0.020000
-0.000000
-0.010000
-0.030000
-0.030000
-0.000000
-0.000000
-0.000000
-0.000000
-0.000000
-0.000000
-0.010000
-0.010000
-0.000000
-0.000000
-0.000000
-0.000000
-0.010000
-0.000000
-0.010000
-0.000000
-0.010000
-0.010000
-0.010000
-0.010000
-0.000000
-0.010000
-0.010000
-0.020000
-0.000000
-0.000000
-0.000000
-0.010000
-0.010000
-0.010000
-0.000000
-0.010000
-0.000000
-0.010000
-0.010000
-0.020000
-0.000000
-0.010000
-0.000000
-0.010000
-0.010000
-0.000000
-0.010000
-0.010000
-0.000000
-0.030000
-0.000000
-0.000000
-0.010000
-0.000000
-0.000000
-0.030000
-0.030000
-0.010000
-0.030000
-0.030000
-0.030000
-0.020000
-0.010000
-0.020000
-0.020000
-0.030000
-0.000000
-0.030000
-0.000000
-0.000000
-0.000000
-0.000000
-0.000000
-0.030000
-0.010000
-0.010000
-0.030000
-0.010000
-0.020000
-0.000000
-0.030000
-0.020000
+0.000000
+0.000000
+0.020000
+0.020000
+0.100000
+0.200000
+0.450000
+0.620000
+1.080000
+0.880000
+0.790000
+1.280000
+1.680000
+1.860000
+1.970000
+1.710000
+1.930000
+1.860000
+1.590000
+1.990000
+2.500000
+2.680000
+2.940000
+3.450000
+4.230000
+4.580000
+4.770000
+4.480000
+4.760000
+5.360000
+6.370000
+7.750000
+9.040000
+10.620000
+11.540000
+12.160000
+12.740000
+13.470000
+14.000000
+14.570000
+15.470000
+16.220000
+16.870000
+17.460000
+17.720000
+15.750000
+15.400000
+15.750000
+15.540000
+16.490000
+17.230000
+17.530000
+17.930000
+18.450000
+18.720000
+19.050000
+19.240000
+19.110000
+19.400000
+19.820000
+20.430000
+20.900000
+21.020000
+21.010000
+20.850000
+21.010000
+21.290000
+21.580000
+21.740000
+22.150000
+22.450000
+22.580000
+22.740000
+22.980000
+23.240000
+23.580000
+23.640000
+23.700000
+23.710000
+24.170000
+24.590000
+24.780000
+25.180000
+25.130000
+25.150000
+25.320000
+25.610000
+26.170000
+26.260000
+26.610000
+26.520000
+26.620000
+26.580000
+26.700000
+27.010000
+27.300000
+27.490000
+27.810000
+27.810000
+27.980000
+27.950000
+28.050000
+28.080000
+28.390000
+28.460000
+28.770000
+28.930000
+29.070000
+29.170000
+29.440000
+29.620000
+29.760000
+29.860000
+29.940000
+30.140000
+29.890000
+29.820000
+30.020000
+30.250000
+30.480000
+30.610000
+30.830000
+30.940000
+30.920000
+30.780000
+30.950000
+30.680000
+30.880000
+31.280000
+31.460000
+31.440000
+31.440000
+31.480000
+31.750000
+31.880000
+31.530000
+31.960000
+31.410000
+31.940000
+32.140000
+32.350000
+32.250000
+32.380000
+32.480000
+32.430000
+32.740000
+32.890000
+32.920000
+33.140000
+33.210000
+33.320000
+33.570000
+33.620000
+33.830000
+33.810000
+34.090000
+34.040000
+34.150000
+34.220000
+34.350000
+34.480000
+34.420000
+34.550000
+34.500000
+34.610000
+34.500000
+34.430000
+34.510000
+33.920000
+31.020000
+6.230000
+5.770000
+4.570000
+4.210000
+3.160000
+3.170000
+2.970000
+2.710000
+2.750000
+2.890000
+2.470000
+2.420000
+2.930000
+3.660000
+4.830000
+5.740000
+5.230000
+3.190000
+1.360000
+0.550000
+0.280000
+0.230000
+0.380000
+0.450000
+0.170000
+0.000000
-0.020000
+0.000000
-0.020000
-0.020000
+0.000000
-0.030000
-0.010000
-0.020000
+0.050000
+0.020000
+0.380000
+1.320000
+2.430000
+2.910000
+3.490000
+4.620000
+5.390000
+5.540000
+4.640000
+2.170000
+1.690000
+1.550000
-0.010000
-0.020000
-0.020000
-0.010000
-0.010000
-0.020000
-0.030000
-0.010000
-0.010000
-0.020000
-0.020000
-0.020000
-0.020000
-0.020000
-0.020000
-0.020000
-0.030000
-0.010000
-0.030000
-0.030000
-0.030000
-0.020000
-0.020000
-0.020000
-0.020000
-0.020000
-0.020000
-0.020000
-0.020000
-0.010000
-0.010000
-0.020000
-0.020000
-0.020000
-0.020000
-0.020000
-0.020000
+0.000000
-0.030000
-0.030000
-0.020000
-0.020000
-0.010000
-0.020000
-0.030000
-0.030000
-0.020000
-0.030000
-0.030000
-0.020000
-0.020000
