-0.030000
-0.030000
-0.000000
-0.020000
-0.000000
+0.000000
+0.000000
+0.010000
+0.000000
+0.000000
+0.000000
+0.000000
-0.010000
+0.000000
-0.010000
+0.000000
-0.010000
+0.000000
+0.000000
+0.000000
+0.000000
+0.030000
+0.030000
+0.020000
+0.010000
+0.010000
+0.010000
+0.000000
+0.020000
+0.010000
+0.030000
+0.030000
+0.030000
+0.030000
+0.030000
+0.020000
+0.030000
+0.050000
+0.100000
+0.190000
+0.180000
+0.240000
+0.290000
+0.390000
+0.470000
+0.510000
+0.660000
+0.800000
+0.990000
+1.180000
+1.260000
+1.370000
+1.490000
+1.570000
+1.730000
+1.840000
+1.980000
+2.140000
+2.200000
+2.300000
+2.380000
+2.470000
+2.550000
+2.580000
+2.640000
+2.680000
+2.750000
+2.780000
+2.800000
+2.890000
+2.930000
+2.950000
+2.990000
+3.020000
+3.070000
+3.150000
+3.190000
+3.220000
+3.230000
+3.270000
+3.240000
+3.240000
+3.220000
+3.230000
+3.250000
+3.260000
+3.280000
+3.280000
+3.320000
+3.340000
+3.390000
+3.420000
+3.430000
+3.450000
+3.500000
+3.520000
+3.510000
+3.540000
+3.550000
+3.580000
+3.600000
+3.690000
+3.680000
+3.680000
+3.710000
+3.720000
+3.760000
+3.780000
+3.850000
+3.860000
+3.910000
+3.900000
+3.910000
+3.950000
+3.950000
+3.980000
+3.990000
+3.980000
+3.930000
+3.930000
+3.930000
+3.940000
+3.980000
+3.950000
+3.960000
+3.920000
+3.930000
+3.990000
+3.990000
+3.940000
+3.940000
+4.000000
+4.030000
+3.940000
+0.850000
+0.450000
+0.620000
+0.680000
+0.650000
+0.680000
+0.760000
+0.680000
+0.360000
+0.160000
+0.100000
+0.080000
+0.080000
+0.080000
+0.060000
+0.030000
+0.030000
+0.030000
+0.030000
+0.020000
-0.020000
-0.010000
-0.010000
-0.010000
+0.000000
+0.000000
+0.000000
+0.000000
+0.000000
+0.000000
+0.000000
+0.000000
-0.010000
+0.000000
+0.000000
+0.000000
+0.000000
+0.000000
+0.000000
+0.000000
+0.000000
+0.000000
+0.000000
+0.000000
+0.000000
+0.000000
+0.000000
+0.000000
+0.000000
+0.000000
+0.000000
+0.000000
+0.000000
+0.000000
+0.000000
+0.000000
+0.000000
+0.000000
+0.000000
+0.000000
+0.000000
+0.000000
+0.000000
+0.000000
+0.000000
+0.000000
+0.000000
+0.000000
