+0.000000
+0.000000
+0.000000
+0.000000
-0.020000
+0.000000
-0.010000
+0.000000
+0.000000
-0.010000
-0.010000
-0.010000
+0.000000
+0.000000
-0.010000
+0.000000
+0.000000
+0.000000
+0.000000
+0.000000
+0.000000
-0.010000
+0.000000
+0.000000
+0.000000
+0.000000
+0.000000
-0.010000
+0.000000
+0.000000
-0.010000
+0.000000
+0.000000
+0.000000
+0.000000
-0.010000
-0.010000
+0.000000
-0.010000
+0.000000
+0.000000
-0.010000
+0.000000
+0.000000
+0.000000
+0.000000
-0.010000
+0.000000
+0.040000
+0.160000
+0.190000
+0.190000
+0.190000
+0.360000
+0.430000
+0.480000
+0.590000
+0.690000
+0.840000
+0.890000
+0.950000
+1.230000
+1.510000
+1.880000
+2.180000
+2.350000
+2.690000
+3.020000
+3.390000
+3.420000
+3.390000
+3.660000
+3.860000
+4.100000
+4.240000
+4.630000
+4.890000
+5.160000
+5.260000
+5.180000
+5.760000
+6.360000
+7.260000
+8.210000
+8.890000
+9.270000
+9.610000
+9.980000
+10.280000
+10.580000
+11.050000
+11.480000
+12.070000
+12.820000
+13.250000
+13.230000
+13.710000
+13.840000
+13.700000
+13.900000
+14.110000
+14.260000
+14.830000
+15.280000
+15.550000
+15.530000
+15.620000
+15.980000
+16.300000
+16.630000
+17.340000
+17.070000
+16.990000
+17.250000
+17.820000
+18.190000
+18.500000
+18.680000
+18.960000
+19.380000
+19.530000
+19.820000
+19.980000
+20.120000
+20.390000
+20.620000
+20.870000
+20.980000
+21.020000
+21.470000
+21.750000
+21.890000
+22.190000
+22.470000
+22.700000
+22.850000
+23.310000
+23.640000
+23.880000
+24.020000
+24.120000
+24.250000
+24.620000
+24.700000
+24.480000
+24.310000
+24.580000
+24.960000
+25.270000
+25.420000
+25.460000
+25.770000
+25.850000
+25.830000
+25.850000
+26.240000
+26.370000
+26.320000
+26.860000
+27.110000
+27.210000
+27.390000
+27.780000
-0.000000
-0.020000
-0.020000
+0.010000
+0.000000
+0.000000
+0.000000
+0.000000
+0.000000
-0.010000
-0.010000
-0.010000
-0.010000
+0.000000
-0.010000
-0.010000
-0.010000
-0.010000
+0.000000
-0.020000
+0.000000
+0.000000
+0.000000
+0.000000
+0.000000
+0.000000
-0.010000
+0.000000
-0.010000
+0.000000
+0.000000
-0.010000
+0.000000
+0.000000
+0.000000
+0.000000
+0.000000
+0.000000
+0.000000
-0.010000
+0.000000
-0.010000
+0.000000
+0.000000
+0.000000
-0.010000
-0.010000
+0.000000
-0.010000
+0.000000
+0.000000
-0.010000
+0.000000
-0.010000
+0.000000
+0.000000
+0.000000
+0.000000
-0.010000
+0.000000
-0.010000
+0.000000
+0.000000
-0.010000
-0.010000
-0.010000
+0.000000
+0.000000
+0.000000
-0.010000
+0.000000
+0.000000
-0.010000
+0.000000
+0.000000
-0.010000
+0.000000
-0.010000
+0.000000
+0.000000
+0.000000
+0.000000
-0.010000
-0.010000
+0.000000
-0.010000
+0.000000
+0.000000
-0.020000
-0.010000
-0.010000
-0.010000
+0.000000
+0.000000
-0.010000
-0.010000
+0.000000
+0.000000
+0.000000
+0.000000
+0.000000
-0.010000
+0.000000
-0.010000
+0.000000
+0.000000
+0.000000
+0.000000
-0.010000
+0.000000
-0.010000
-0.010000
+0.000000
+0.000000
-0.010000
+0.000000
-0.010000
-0.010000
+0.000000
+0.000000
+0.000000
+0.000000
+0.000000
+0.000000
+0.000000
+0.000000
+0.000000
+0.000000
+0.000000
-0.010000
-0.010000
+0.000000
-0.010000
+0.000000
-0.010000
+0.000000
+0.000000
+0.000000
-0.010000
+0.010000
-0.020000
-0.020000
+0.000000
-0.010000
-0.010000
+0.000000
+0.000000
+0.000000
-0.010000
+0.000000
+0.000000
+0.000000
-0.010000
+0.000000
+0.000000
+0.000000
+0.000000
+0.000000
+0.000000
+0.000000
+0.000000
+0.000000
-0.010000
-0.010000
+0.000000
+0.000000
+0.000000
+0.000000
-0.010000
-0.010000
+0.000000
+0.000000
+0.000000
+0.000000
+0.000000
+0.000000
+0.000000
-0.010000
-0.010000
+0.000000
