+0.000000
+0.000000
+0.000000
+0.010000
+0.000000
+0.010000
+0.000000
+0.000000
+0.000000
+0.000000
+0.000000
-0.030000
+0.000000
+0.010000
-0.030000
-0.010000
-0.030000
-0.030000
-0.030000
+0.000000
+0.000000
+0.000000
+0.000000
+0.010000
+0.000000
+0.000000
+0.000000
+0.000000
+0.000000
+0.000000
+0.000000
+0.000000
+0.000000
+0.000000
+0.000000
+0.010000
+0.000000
+0.000000
+0.000000
+0.010000
+0.000000
+0.000000
+0.000000
+0.010000
+0.000000
+0.000000
+0.000000
+0.000000
+0.000000
+0.010000
+0.000000
+0.000000
+0.000000
+0.000000
+0.000000
+0.000000
+0.000000
+0.000000
+0.000000
+0.000000
+0.000000
+0.000000
+0.000000
+0.000000
+0.010000
+0.000000
+0.000000
+0.000000
+0.000000
+0.000000
+0.000000
+0.000000
+0.010000
+0.000000
+0.010000
+0.000000
+0.000000
+0.000000
+0.000000
+0.000000
-0.010000
+0.000000
+0.000000
-0.010000
+0.000000
+0.000000
+0.000000
+0.000000
+0.000000
-0.010000
+0.000000
+0.000000
+0.000000
+0.000000
+0.000000
+0.000000
+0.000000
-0.010000
-0.020000
+0.000000
-0.010000
+0.010000
+0.010000
+0.010000
+0.010000
+0.010000
+0.010000
+0.010000
+0.000000
+0.000000
-0.010000
+0.010000
+0.000000
+0.000000
+0.000000
-0.010000
+0.010000
+0.010000
+0.000000
+0.010000
+0.020000
+0.030000
+0.020000
+0.010000
+0.010000
+0.010000
+0.010000
+0.020000
+0.020000
+0.010000
+0.000000
-0.010000
+0.000000
+0.000000
+0.010000
+0.010000
+0.000000
+0.010000
+0.020000
+0.000000
+0.010000
+0.020000
+0.010000
+0.010000
+0.010000
+0.030000
+0.050000
+0.050000
+0.060000
+0.080000
+0.110000
+0.160000
+0.180000
+0.180000
+0.200000
+0.210000
+0.210000
+0.230000
+0.230000
+0.240000
+0.270000
+0.300000
+0.320000
+0.330000
+0.340000
+0.360000
+0.350000
+0.360000
+0.410000
+0.430000
+0.430000
+0.440000
+0.470000
+0.470000
+0.490000
+0.510000
+0.550000
+0.570000
+0.580000
+0.610000
+0.620000
+0.650000
+0.670000
+0.680000
+0.690000
+0.660000
+0.690000
+0.710000
+0.730000
+0.750000
+0.770000
+0.810000
+0.850000
+0.870000
+0.890000
+0.890000
+0.890000
+0.930000
+0.990000
+1.040000
+1.080000
+1.090000
+1.090000
+1.120000
+1.170000
+1.210000
+1.230000
+1.260000
+1.300000
+1.330000
+1.360000
+1.380000
+1.400000
+1.420000
+1.440000
+1.460000
+1.480000
+1.510000
+1.520000
+1.540000
+1.540000
+1.550000
+1.600000
+1.590000
+1.580000
+1.050000
+0.890000
+0.990000
+1.050000
+1.100000
+1.150000
+1.140000
+1.150000
+1.170000
+1.190000
+1.200000
+1.190000
+1.190000
+1.220000
+1.210000
+1.220000
+1.220000
+1.210000
+0.540000
+0.510000
+0.530000
+0.530000
+0.510000
+0.510000
+0.510000
+0.520000
+0.490000
+0.500000
+0.500000
+0.500000
+0.480000
+0.460000
+0.430000
+0.390000
+0.340000
+0.280000
+0.250000
+0.210000
+0.160000
+0.110000
+0.080000
+0.040000
+0.000000
+0.020000
+0.020000
+0.030000
+0.000000
+0.000000
+0.000000
+0.000000
+0.000000
+0.000000
+0.000000
+0.000000
+0.000000
+0.000000
+0.000000
+0.000000
+0.000000
+0.000000
+0.000000
+0.000000
+0.010000
+0.000000
+0.000000
+0.000000
+0.010000
+0.000000
+0.000000
+0.000000
+0.000000
+0.000000
+0.000000
+0.000000
