+0.030000
+0.020000
+0.030000
+0.040000
+0.150000
+0.180000
+0.130000
+0.000000
+0.000000
+0.000000
+0.000000
+0.000000
-0.010000
+0.000000
+0.000000
+0.000000
+0.000000
+0.000000
+0.000000
+0.000000
+0.000000
+0.000000
+0.000000
+0.000000
+0.000000
+0.000000
+0.000000
+0.000000
+0.000000
+0.000000
+0.000000
+0.000000
+0.000000
+0.000000
+0.000000
+0.030000
+0.030000
+0.000000
+0.020000
+0.040000
+0.040000
+0.110000
+0.120000
+0.000000
-0.010000
+0.010000
+0.000000
+0.010000
+0.000000
+0.000000
+0.000000
+0.000000
+0.000000
+0.000000
+0.000000
+0.010000
+0.000000
+0.020000
+0.000000
-0.010000
+0.020000
+0.000000
+0.000000
+0.000000
-0.010000
+0.000000
-0.010000
-0.020000
-0.020000
-0.010000
+0.000000
+0.000000
+0.000000
+0.000000
-0.010000
+0.000000
-0.020000
-0.030000
-0.020000
-0.020000
-0.030000
-0.030000
-0.010000
-0.030000
-0.010000
-0.000000
-0.010000
-0.010000
-0.010000
-0.020000
-0.010000
-0.010000
-0.000000
-0.000000
-0.000000
-0.020000
-0.020000
-0.020000
-0.010000
-0.010000
+0.000000
-0.020000
-0.010000
+0.000000
+0.010000
+0.000000
+0.000000
+0.060000
+0.080000
+0.090000
+0.080000
+0.080000
+0.190000
+0.220000
+0.230000
+0.260000
+0.270000
+0.300000
+0.300000
+0.280000
+0.240000
+0.240000
+0.240000
+0.240000
+0.220000
+0.190000
+0.140000
+0.030000
+0.000000
+0.000000
+0.000000
+0.000000
-0.020000
-0.030000
-0.000000
+0.000000
+0.000000
+0.010000
-0.010000
-0.010000
+0.000000
-0.000000
-0.000000
-0.000000
-0.030000
+0.000000
+0.010000
+0.030000
+0.000000
+0.000000
+0.000000
+0.000000
+0.000000
-0.030000
-0.020000
-0.010000
-0.010000
-0.000000
-0.020000
+0.000000
+0.000000
+0.000000
+0.000000
+0.030000
+0.030000
+0.070000
+0.140000
+0.230000
+0.360000
+0.440000
+0.490000
+0.520000
+0.560000
+0.620000
+0.730000
+0.820000
+0.910000
+0.970000
+1.020000
+1.000000
+1.040000
+1.100000
+1.190000
+1.250000
+1.350000
+1.390000
+1.490000
+1.580000
+1.620000
+1.650000
+1.700000
+1.740000
+1.730000
+1.700000
+1.870000
+1.990000
+2.050000
+2.110000
+2.150000
+2.200000
+2.270000
+2.310000
+2.330000
+2.420000
+2.450000
+2.420000
+2.470000
+2.520000
+2.530000
+2.530000
+2.550000
+2.650000
+2.660000
+2.650000
+2.670000
+2.720000
+2.760000
+2.810000
+2.830000
+2.820000
+2.840000
+2.860000
+2.930000
+2.970000
+2.970000
+3.020000
+3.050000
+3.070000
+3.120000
+3.120000
+3.140000
+3.160000
+3.180000
+3.150000
+3.180000
+3.150000
+3.130000
+3.090000
+3.160000
+3.240000
+3.260000
+3.270000
+3.290000
+3.200000
+3.220000
+3.280000
+3.280000
+3.280000
+3.230000
+3.290000
+3.380000
+3.320000
+3.330000
+3.300000
+3.260000
+3.350000
+3.320000
+3.300000
+3.250000
+3.240000
+3.180000
+3.160000
+3.120000
+3.110000
+3.040000
+3.020000
+2.990000
+2.920000
+2.810000
+2.750000
+1.680000
+1.260000
+1.240000
+1.340000
+1.400000
+1.370000
+1.350000
+1.340000
+1.300000
+1.110000
+1.000000
+0.900000
+0.730000
+0.470000
+0.350000
+0.310000
+0.270000
+0.170000
+0.070000
+0.030000
+0.000000
+0.000000
+0.010000
+0.000000
+0.020000
+0.030000
+0.000000
+0.020000
+0.000000
+0.000000
+0.000000
-0.010000
+0.000000
+0.000000
+0.010000
+0.000000
+0.000000
-0.010000
+0.000000
+0.000000
+0.000000
+0.000000
+0.000000
+0.000000
-0.010000
+0.000000
+0.000000
+0.000000
+0.000000
