+0.000000
+0.000000
+0.000000
+0.000000
+0.000000
+0.000000
+0.000000
+0.000000
+0.000000
+0.000000
+0.000000
+0.000000
+0.000000
+0.000000
+0.000000
+0.000000
-0.010000
+0.000000
+0.000000
+0.000000
+0.000000
+0.000000
-0.010000
+0.000000
+0.000000
+0.000000
+0.000000
+0.000000
+0.000000
-0.010000
+0.000000
+0.000000
+0.000000
+0.000000
-0.010000
+0.000000
+0.010000
+0.100000
+0.190000
+0.150000
+0.160000
+0.260000
+0.420000
+0.530000
+0.650000
+0.670000
+0.660000
+0.750000
+0.700000
+1.220000
+1.110000
+1.160000
+1.350000
+1.910000
+2.570000
+2.940000
+3.300000
+3.880000
+4.210000
+4.660000
+5.110000
+5.360000
+5.560000
+5.920000
+6.440000
+6.890000
+7.240000
+7.400000
+7.630000
+7.850000
+7.890000
+8.580000
+8.890000
+9.040000
+9.310000
+9.910000
+10.390000
+10.800000
+11.210000
+11.610000
+12.230000
+12.680000
+13.280000
+13.700000
+14.000000
+14.400000
+14.850000
+15.220000
+15.650000
+15.950000
+16.060000
+16.390000
+16.830000
+17.210000
+17.510000
+17.700000
+18.000000
+18.310000
+18.970000
+19.690000
+19.230000
+19.030000
+19.330000
+19.560000
+19.920000
+19.960000
+20.300000
+20.770000
+21.140000
+21.260000
+21.410000
+21.640000
+21.710000
+21.860000
+22.050000
+22.190000
+22.710000
+23.040000
+23.050000
+23.120000
+23.290000
+23.520000
+23.650000
+23.760000
+24.100000
+24.090000
+24.180000
+24.140000
+24.070000
+23.990000
+24.220000
+24.470000
+24.490000
+24.790000
+24.590000
+24.710000
+24.800000
+25.000000
+25.550000
+25.460000
+25.550000
+25.840000
+25.990000
+26.210000
+26.340000
+26.540000
+26.630000
+26.740000
+26.600000
+26.580000
+26.370000
+26.620000
+26.610000
+26.800000
+27.030000
+27.010000
+27.140000
+27.130000
+27.190000
+27.190000
+27.260000
+26.990000
+27.580000
+27.660000
+28.290000
+27.790000
+27.770000
+28.090000
+28.100000
+28.450000
+28.770000
+29.220000
+29.250000
+29.360000
+29.260000
+29.620000
+29.720000
+29.910000
+30.370000
+30.880000
+31.060000
+31.140000
+31.140000
+30.880000
+31.330000
+31.070000
+31.040000
+31.020000
+31.070000
+31.620000
+31.620000
+31.670000
+31.700000
+31.950000
+32.700000
+33.450000
+33.860000
+33.760000
+34.370000
+34.100000
+34.100000
+33.150000
+34.070000
+34.190000
+34.910000
+34.960000
+35.720000
+35.260000
+35.990000
+35.840000
+35.730000
+35.410000
+34.130000
+31.750000
+29.950000
+6.160000
+0.540000
+0.000000
+0.010000
+0.000000
-0.030000
+0.000000
+0.000000
+0.000000
+0.000000
+0.000000
+0.000000
+0.000000
+0.000000
-0.010000
+0.000000
+0.000000
+0.000000
+0.000000
+0.010000
+0.010000
+0.010000
+0.000000
+0.000000
+0.000000
+0.000000
+0.000000
+0.000000
+0.000000
+0.000000
+0.000000
+0.010000
-0.010000
+0.000000
+0.000000
-0.010000
+0.010000
+0.000000
+0.000000
+0.000000
+0.000000
+0.000000
+0.000000
+0.000000
+0.000000
+0.000000
+0.010000
+0.000000
+0.000000
+0.000000
+0.000000
+0.000000
+0.000000
+0.000000
+0.000000
+0.000000
+0.000000
+0.000000
+0.000000
+0.000000
+0.000000
+0.000000
+0.000000
+0.000000
+0.010000
+0.000000
+0.000000
+0.010000
+0.000000
+0.000000
+0.000000
+0.000000
+0.000000
+0.000000
+0.000000
-0.010000
+0.000000
+0.000000
+0.000000
+0.000000
+0.010000
+0.000000
+0.010000
+0.000000
+0.000000
+0.010000
+0.000000
+0.000000
+0.000000
+0.000000
-0.010000
+0.000000
+0.000000
+0.000000
+0.000000
+0.010000
+0.000000
