+0.000000
+0.000000
+0.000000
+0.000000
+0.000000
+0.000000
+0.000000
+0.000000
+0.000000
+0.000000
-0.010000
-0.010000
+0.000000
+0.000000
+0.000000
+0.000000
+0.000000
+0.000000
+0.000000
+0.000000
+0.000000
+0.000000
+0.000000
+0.000000
+0.000000
-0.010000
+0.000000
+0.000000
+0.000000
+0.000000
+0.000000
+0.000000
+0.000000
-0.010000
+0.000000
+0.000000
+0.000000
-0.020000
-0.010000
+0.000000
-0.010000
+0.000000
+0.000000
+0.000000
+0.000000
+0.000000
+0.000000
+0.000000
+0.000000
-0.010000
+0.000000
+0.000000
-0.010000
+0.000000
+0.000000
-0.010000
-0.010000
-0.010000
-0.010000
-0.010000
+0.000000
+0.000000
+0.000000
+0.000000
+0.000000
+0.000000
+0.000000
+0.000000
+0.000000
+0.000000
+0.000000
+0.000000
+0.000000
+0.000000
+0.000000
+0.000000
-0.010000
+0.000000
+0.000000
+0.000000
+0.000000
+0.000000
+0.000000
-0.020000
+0.000000
+0.000000
-0.010000
+0.000000
-0.010000
+0.000000
-0.010000
+0.000000
-0.010000
+0.000000
+0.010000
+0.030000
+0.060000
+0.160000
+0.400000
+0.520000
+0.690000
+0.900000
+0.850000
+0.950000
+1.070000
+1.130000
+1.280000
+1.320000
+1.480000
+1.610000
+2.050000
+2.360000
+2.770000
+3.470000
+4.270000
+5.450000
+6.460000
+7.070000
+7.170000
+7.390000
+7.820000
+8.380000
+8.840000
+9.650000
+10.750000
+11.530000
+11.920000
+12.720000
+13.380000
+0.000000
-0.010000
-0.010000
+0.000000
+0.000000
+0.000000
+0.000000
+0.000000
+0.000000
+0.010000
+0.000000
+0.020000
+0.020000
+0.000000
+0.000000
+0.000000
+0.010000
+0.000000
+0.000000
+0.000000
-0.010000
+0.000000
+0.000000
-0.010000
-0.010000
+0.000000
+0.000000
+0.000000
+0.000000
+0.000000
+0.000000
-0.020000
+0.000000
+0.000000
+0.000000
+0.000000
+0.000000
+0.000000
-0.010000
-0.010000
+0.000000
+0.000000
+0.000000
+0.000000
+0.000000
+0.000000
+0.000000
-0.010000
+0.000000
+0.000000
+0.000000
+0.000000
-0.010000
+0.000000
-0.010000
+0.000000
+0.000000
-0.010000
-0.010000
+0.000000
-0.010000
+0.000000
-0.010000
+0.000000
-0.010000
+0.000000
+0.000000
-0.010000
+0.000000
+0.000000
-0.010000
+0.000000
+0.000000
+0.000000
+0.000000
-0.010000
+0.000000
+0.000000
+0.000000
+0.000000
+0.000000
+0.000000
-0.010000
+0.000000
+0.000000
+0.000000
+0.000000
+0.000000
+0.000000
+0.000000
+0.000000
+0.000000
+0.000000
+0.000000
-0.020000
+0.000000
+0.000000
+0.000000
+0.000000
+0.000000
+0.000000
+0.000000
+0.000000
+0.000000
+0.000000
+0.000000
+0.000000
+0.000000
