+0.000000
+0.000000
+0.000000
+0.000000
+0.000000
+0.000000
+0.000000
+0.000000
+0.000000
+0.000000
+0.000000
+0.000000
+0.010000
+0.000000
+0.010000
+0.000000
+0.000000
+0.000000
+0.000000
+0.000000
+0.000000
+0.020000
+0.000000
+0.000000
+0.000000
+0.000000
+0.000000
+0.000000
+0.010000
+0.000000
+0.000000
+0.000000
+0.000000
+0.000000
+0.020000
+0.000000
+0.000000
+0.010000
+0.000000
+0.000000
+0.010000
+0.000000
+0.020000
+0.020000
+0.010000
+0.000000
+0.000000
+0.000000
+0.000000
+0.030000
+0.100000
+0.110000
+0.100000
+0.100000
+0.100000
+0.160000
+0.330000
+0.360000
+0.410000
+0.520000
+0.710000
+0.620000
+0.560000
+0.640000
+0.890000
+1.030000
+1.170000
+1.340000
+1.480000
+1.530000
+1.670000
+1.790000
+1.920000
+2.060000
+2.140000
+2.200000
+2.320000
+2.450000
+2.540000
+2.590000
+2.650000
+2.660000
+2.670000
+2.730000
+2.740000
+2.770000
+2.670000
+2.550000
+2.510000
+2.450000
+2.360000
+2.330000
+2.350000
+2.320000
+2.210000
+1.980000
+1.840000
+1.580000
+1.420000
+1.280000
+1.200000
+1.060000
+0.930000
+0.530000
+0.090000
+0.040000
+0.040000
+0.000000
+0.030000
+0.030000
+0.030000
+0.020000
+0.000000
+0.000000
+0.020000
+0.010000
+0.000000
+0.000000
+0.000000
+0.000000
+0.000000
+0.000000
+0.000000
-0.010000
+0.000000
+0.000000
-0.000000
+0.000000
+0.000000
+0.000000
+0.000000
+0.000000
+0.000000
+0.000000
+0.000000
+0.000000
+0.000000
+0.010000
+0.000000
+0.010000
+0.000000
+0.000000
+0.000000
+0.000000
+0.000000
+0.000000
+0.000000
+0.000000
+0.000000
+0.000000
+0.000000
+0.000000
+0.000000
+0.000000
+0.000000
+0.000000
+0.000000
