+0.000000
+0.000000
+0.000000
+0.000000
+0.000000
+0.000000
+0.000000
+0.000000
+0.000000
-0.010000
+0.000000
-0.020000
+0.000000
+0.000000
-0.010000
+0.000000
+0.000000
+0.000000
+0.000000
+0.000000
+0.020000
+0.030000
+0.030000
+0.030000
+0.000000
+0.020000
+0.000000
+0.000000
+0.000000
+0.010000
+0.030000
+0.000000
+0.030000
+0.000000
+0.000000
+0.000000
+0.030000
+0.030000
+0.000000
+0.030000
+0.030000
+0.030000
+0.000000
+0.000000
+0.000000
+0.030000
+0.030000
+0.020000
+0.000000
+0.030000
+0.020000
+0.020000
+0.020000
+0.030000
+0.010000
+0.010000
+0.020000
+0.030000
+0.030000
+0.080000
+0.180000
+0.250000
+0.370000
+0.500000
+0.610000
+0.750000
+0.920000
+1.110000
+1.250000
+1.460000
+1.650000
+1.800000
+2.000000
+2.270000
+2.480000
+2.680000
+2.810000
+3.050000
+3.210000
+3.220000
+3.360000
+3.340000
+3.450000
+3.500000
+3.240000
+3.070000
+2.910000
+2.710000
+2.510000
+0.360000
+0.250000
+0.100000
+0.030000
+0.000000
+0.000000
+0.000000
+0.000000
+0.000000
+0.000000
+0.000000
+0.000000
+0.000000
+0.010000
+0.000000
+0.000000
+0.000000
+0.000000
-0.010000
+0.000000
+0.000000
+0.000000
+0.000000
+0.000000
+0.000000
+0.000000
-0.010000
+0.010000
+0.000000
+0.000000
+0.000000
+0.000000
+0.000000
+0.000000
+0.010000
+0.000000
+0.000000
+0.000000
+0.000000
+0.000000
+0.000000
+0.000000
+0.010000
-0.010000
+0.000000
+0.000000
+0.010000
+0.000000
+0.000000
