+0.000000
+0.000000
+0.000000
+0.000000
+0.000000
+0.000000
+0.000000
+0.000000
+0.000000
+0.000000
+0.000000
+0.000000
+0.000000
+0.000000
+0.010000
+0.000000
+0.000000
+0.000000
+0.020000
+0.000000
+0.000000
+0.000000
+0.000000
+0.000000
+0.000000
+0.000000
+0.000000
+0.000000
+0.000000
+0.000000
+0.000000
+0.000000
-0.020000
+0.000000
+0.000000
+0.000000
+0.000000
+0.000000
+0.000000
+0.010000
+0.000000
+0.000000
+0.000000
+0.000000
+0.020000
+0.040000
+0.030000
+0.030000
+0.020000
+0.030000
+0.050000
+0.080000
+0.120000
+0.260000
+0.300000
+0.340000
+0.360000
+0.400000
+0.450000
+0.510000
+0.600000
+0.680000
+0.750000
+0.930000
+0.950000
+1.080000
+1.030000
+1.090000
+1.160000
+1.070000
+1.050000
+1.080000
+1.140000
+1.210000
+1.280000
+1.200000
+1.280000
+1.020000
+1.040000
+1.080000
+0.000000
-0.040000
-0.080000
-0.020000
-0.030000
-0.000000
-0.010000
-0.010000
-0.010000
+0.000000
+0.000000
+0.000000
+0.000000
+0.000000
+0.000000
+0.000000
+0.000000
+0.000000
+0.000000
-0.010000
+0.000000
+0.000000
+0.000000
+0.010000
