+0.000000
-0.030000
-0.030000
+0.000000
+0.000000
-0.030000
-0.030000
-0.020000
-0.030000
-0.020000
-0.010000
-0.030000
+0.000000
-0.010000
-0.030000
+0.020000
+0.020000
+0.020000
+0.030000
+0.010000
+0.000000
+0.000000
-0.010000
+0.000000
+0.000000
+0.000000
+0.000000
+0.030000
+0.030000
+0.030000
+0.030000
+0.120000
+0.180000
+0.350000
+0.470000
+0.550000
+0.540000
+0.730000
+0.840000
+1.080000
+1.280000
+1.410000
+1.560000
+1.760000
+1.940000
+2.100000
+2.280000
+2.400000
+2.500000
+2.580000
+2.660000
+2.680000
+2.700000
+2.710000
+2.660000
+2.650000
+2.510000
+2.370000
+2.200000
+2.130000
+2.000000
+1.800000
+1.620000
+1.530000
+1.520000
+1.480000
+1.480000
+1.430000
+1.360000
+1.330000
+1.350000
+1.320000
+1.290000
+1.220000
+1.200000
+1.190000
+1.160000
+1.130000
+1.100000
+1.100000
+1.020000
+1.020000
+1.020000
+1.020000
+0.980000
+0.950000
+0.890000
+0.820000
+0.760000
+0.530000
+0.400000
+0.190000
+0.100000
+0.020000
+0.010000
+0.030000
+0.010000
+0.000000
-0.010000
-0.010000
-0.020000
-0.010000
+0.000000
+0.000000
+0.000000
+0.000000
+0.000000
+0.000000
+0.000000
+0.000000
+0.000000
+0.000000
+0.000000
-0.010000
+0.000000
