+0.000000
+0.000000
+0.000000
+0.000000
+0.000000
+0.000000
+0.000000
+0.000000
+0.000000
+0.000000
+0.000000
+0.010000
+0.000000
+0.000000
+0.010000
+0.000000
+0.000000
+0.000000
+0.010000
+0.000000
+0.000000
+0.000000
+0.000000
+0.000000
+0.000000
+0.000000
+0.000000
+0.000000
-0.030000
-0.020000
-0.020000
-0.020000
-0.000000
-0.020000
-0.020000
-0.010000
-0.020000
-0.030000
-0.010000
-0.010000
+0.000000
-0.010000
+0.010000
+0.010000
+0.000000
+0.000000
+0.000000
+0.010000
+0.020000
+0.010000
+0.000000
+0.030000
+0.000000
+0.010000
+0.040000
+0.000000
+0.000000
+0.030000
+0.000000
+0.030000
+0.000000
+0.000000
+0.010000
+0.040000
+0.060000
+0.080000
+0.100000
+0.140000
+0.160000
+0.210000
+0.270000
+0.320000
+0.350000
+0.410000
+0.480000
+0.500000
+0.550000
+0.570000
+0.620000
+0.680000
+0.750000
+0.800000
+0.880000
+0.970000
+1.040000
+1.060000
+1.120000
+1.170000
+1.230000
+1.280000
+1.350000
+1.400000
+1.470000
+1.550000
+1.610000
+1.710000
+1.810000
+1.880000
+1.900000
+1.960000
+2.010000
+2.050000
+2.090000
+2.140000
+2.150000
+2.200000
+2.290000
+2.300000
+2.340000
+2.330000
+1.750000
+1.710000
+1.740000
+1.740000
+1.720000
+1.780000
+1.830000
+1.870000
+1.900000
+1.930000
+1.940000
+1.940000
+1.950000
+1.940000
+1.970000
+1.960000
+1.920000
+1.880000
+1.890000
+1.920000
+1.920000
+1.930000
+1.900000
+1.920000
+1.940000
+1.920000
+1.910000
+1.910000
+1.930000
+1.910000
+1.890000
+1.850000
+1.810000
+1.750000
+1.730000
+1.540000
+1.140000
+0.560000
+0.300000
+0.130000
+0.070000
+0.030000
+0.020000
+0.030000
+0.020000
+0.000000
+0.000000
+0.000000
+0.000000
+0.000000
-0.010000
-0.020000
-0.020000
+0.000000
+0.020000
+0.000000
-0.020000
+0.010000
+0.030000
+0.000000
+0.000000
+0.000000
+0.000000
+0.000000
+0.000000
+0.000000
+0.000000
+0.000000
+0.000000
+0.000000
+0.000000
+0.000000
+0.000000
+0.000000
+0.000000
+0.000000
+0.010000
+0.000000
+0.000000
-0.010000
+0.000000
+0.000000
+0.000000
-0.010000
+0.000000
+0.000000
+0.000000
+0.000000
+0.000000
+0.000000
+0.000000
+0.000000
+0.000000
+0.000000
+0.000000
+0.000000
+0.000000
+0.000000
+0.000000
+0.000000
+0.000000
+0.000000
+0.000000
+0.000000
+0.000000
+0.000000
+0.000000
+0.000000
+0.000000
+0.000000
+0.000000
-0.010000
+0.000000
+0.000000
+0.000000
+0.000000
+0.000000
+0.000000
+0.000000
+0.000000
+0.000000
+0.000000
+0.000000
+0.000000
-0.010000
+0.000000
+0.000000
+0.000000
+0.000000
+0.000000
+0.000000
+0.000000
+0.000000
+0.000000
+0.000000
+0.000000
+0.000000
+0.000000
+0.000000
+0.000000
+0.000000
+0.000000
-0.010000
+0.000000
+0.000000
+0.000000
+0.000000
+0.000000
+0.000000
+0.000000
+0.000000
+0.000000
+0.000000
+0.000000
+0.000000
+0.010000
+0.000000
+0.000000
+0.000000
+0.000000
+0.000000
+0.000000
+0.000000
+0.000000
+0.000000
+0.000000
+0.000000
+0.000000
+0.000000
+0.000000
+0.000000
+0.000000
+0.000000
+0.000000
+0.000000
