+0.000000
+0.000000
+0.000000
+0.000000
+0.010000
+0.000000
+0.000000
+0.000000
+0.000000
+0.010000
+0.010000
+0.010000
+0.030000
+0.020000
+0.020000
+0.010000
+0.020000
+0.010000
+0.020000
+0.000000
+0.010000
+0.010000
+0.010000
+0.010000
+0.000000
+0.010000
+0.010000
+0.020000
+0.040000
+0.040000
+0.030000
+0.030000
+0.030000
+0.030000
+0.030000
+0.030000
+0.030000
+0.030000
+0.030000
+0.030000
+0.030000
+0.030000
+0.030000
+0.030000
+0.030000
+0.030000
+0.030000
+0.030000
+0.030000
+0.040000
+0.030000
+0.040000
+0.030000
+0.030000
+0.030000
+0.030000
+0.020000
+0.030000
+0.030000
+0.020000
+0.020000
+0.030000
+0.030000
+0.020000
+0.030000
+0.020000
+0.020000
+0.010000
+0.010000
+0.020000
+0.000000
+0.030000
+0.030000
+0.000000
+0.030000
+0.000000
+0.000000
+0.010000
+0.020000
+0.000000
+0.030000
+0.010000
+0.010000
+0.020000
+0.030000
+0.000000
+0.030000
+0.020000
+0.020000
+0.020000
+0.030000
+0.030000
+0.020000
+0.020000
+0.010000
+0.010000
+0.000000
+0.020000
+0.030000
+0.020000
+0.020000
+0.020000
+0.030000
+0.010000
+0.050000
+0.030000
+0.030000
+0.040000
+0.030000
+0.040000
+0.030000
+0.060000
+0.100000
+0.150000
+0.210000
+0.240000
+0.310000
+0.360000
+0.370000
+0.440000
+0.510000
+0.560000
+0.630000
+0.730000
+0.800000
+0.940000
+1.070000
+1.170000
+1.230000
+1.310000
+1.370000
+1.400000
+1.430000
+1.480000
+1.510000
+1.590000
+1.650000
+1.720000
+1.780000
+1.810000
+1.850000
+1.880000
+1.930000
+1.990000
+2.010000
+2.070000
+2.140000
+2.190000
+2.250000
+2.270000
+2.340000
+2.390000
+2.440000
+2.510000
+2.590000
+2.630000
+2.670000
+2.710000
+2.790000
+2.800000
+2.130000
+1.910000
+1.950000
+2.100000
+2.150000
+2.160000
+2.190000
+2.080000
+2.090000
+2.110000
+2.150000
+2.160000
+2.180000
+2.170000
+2.200000
+2.170000
+1.970000
+1.780000
+1.580000
+1.540000
+1.450000
+1.390000
+1.120000
+0.830000
+0.840000
+0.820000
+0.810000
+0.800000
+0.750000
+0.700000
+0.670000
+0.590000
+0.480000
+0.310000
+0.210000
+0.090000
+0.030000
+0.010000
+0.000000
+0.000000
+0.000000
+0.000000
+0.000000
+0.000000
+0.000000
+0.010000
+0.000000
+0.000000
+0.000000
+0.000000
+0.010000
+0.000000
+0.000000
+0.000000
+0.000000
+0.000000
+0.010000
+0.000000
+0.000000
+0.000000
+0.000000
+0.000000
+0.010000
+0.000000
+0.010000
+0.020000
+0.000000
+0.000000
+0.000000
+0.000000
+0.030000
+0.030000
+0.050000
+0.050000
+0.030000
+0.010000
+0.000000
+0.000000
+0.000000
+0.000000
+0.000000
+0.000000
+0.000000
+0.000000
+0.000000
+0.000000
+0.000000
+0.000000
+0.000000
-0.010000
+0.000000
+0.000000
+0.000000
+0.000000
+0.000000
+0.020000
+0.000000
+0.000000
+0.000000
+0.000000
+0.000000
+0.000000
-0.010000
-0.010000
+0.000000
+0.000000
-0.010000
-0.010000
+0.000000
