+0.000000
+0.010000
+0.000000
+0.000000
+0.010000
+0.010000
+0.000000
+0.000000
+0.000000
+0.000000
+0.000000
+0.000000
+0.010000
+0.000000
+0.000000
+0.000000
+0.010000
+0.000000
+0.010000
+0.000000
+0.000000
+0.010000
+0.030000
+0.030000
+0.060000
+0.060000
+0.080000
+0.080000
+0.090000
+0.100000
+0.120000
+0.130000
+0.130000
+0.130000
+0.110000
+0.100000
+0.120000
+0.200000
+0.290000
+0.320000
+0.380000
+0.470000
+0.510000
+0.550000
+0.560000
+0.640000
+0.750000
+0.820000
+0.910000
+0.940000
+1.030000
+1.150000
+1.270000
+1.370000
+1.420000
+1.540000
+1.660000
+1.790000
+1.900000
+2.010000
+2.110000
+2.140000
+2.200000
+2.210000
+2.260000
+2.280000
+2.320000
+1.800000
+1.740000
+1.840000
+1.910000
+1.930000
+1.930000
+1.940000
+1.930000
+1.940000
+1.970000
+2.010000
+2.030000
+2.100000
+2.070000
+2.060000
+2.010000
+1.970000
+1.940000
+1.910000
+1.870000
+1.810000
+1.450000
+1.330000
+1.300000
+1.170000
+1.080000
+0.950000
+0.740000
+0.690000
+0.650000
+0.610000
+0.490000
+0.400000
+0.330000
+0.230000
+0.100000
+0.020000
+0.000000
+0.000000
+0.000000
+0.000000
+0.000000
+0.000000
+0.010000
+0.000000
+0.000000
+0.000000
+0.000000
+0.000000
+0.010000
+0.010000
+0.020000
+0.030000
+0.050000
+0.020000
+0.030000
+0.000000
+0.000000
+0.000000
+0.000000
+0.010000
+0.000000
+0.000000
+0.020000
+0.010000
+0.010000
+0.020000
-0.010000
+0.000000
+0.010000
+0.010000
+0.030000
+0.010000
+0.030000
+0.010000
+0.030000
+0.010000
+0.000000
+0.000000
+0.000000
+0.000000
+0.000000
+0.000000
+0.000000
+0.000000
+0.000000
+0.000000
+0.000000
+0.000000
+0.000000
+0.010000
+0.000000
+0.000000
+0.000000
+0.000000
+0.000000
+0.000000
