+0.000000
+0.000000
+0.000000
+0.000000
+0.010000
+0.030000
+0.000000
+0.030000
+0.020000
-0.010000
-0.030000
-0.000000
-0.010000
+0.000000
+0.000000
+0.020000
+0.040000
+0.040000
+0.050000
+0.060000
+0.190000
+0.440000
+0.550000
+0.690000
+0.770000
+0.850000
+0.960000
+1.130000
+1.350000
+1.550000
+1.740000
+1.940000
+2.130000
+2.260000
+2.390000
+2.500000
+2.600000
+2.680000
+2.770000
+2.790000
+2.920000
+2.990000
+3.050000
+3.020000
+2.930000
+2.860000
+2.780000
+2.690000
+2.550000
+2.470000
+2.490000
+2.440000
+2.340000
+2.470000
+2.450000
+2.270000
+2.220000
+1.970000
+1.550000
+0.910000
+0.690000
+0.650000
+0.620000
+0.530000
+0.410000
+0.260000
+0.140000
+0.090000
+0.030000
+0.020000
+0.000000
+0.000000
+0.000000
+0.000000
+0.000000
+0.000000
+0.000000
+0.000000
+0.000000
+0.000000
+0.000000
+0.000000
+0.000000
+0.000000
-0.010000
+0.000000
-0.010000
+0.000000
+0.000000
+0.000000
+0.000000
-0.010000
+0.000000
+0.000000
+0.000000
+0.000000
+0.000000
+0.000000
+0.000000
+0.010000
+0.000000
+0.000000
