+0.000000
+0.000000
+0.030000
+0.020000
+0.000000
+0.000000
+0.000000
+0.010000
+0.000000
+0.000000
+0.010000
+0.010000
+0.010000
+0.000000
-0.010000
-0.020000
-0.030000
-0.020000
+0.000000
-0.020000
-0.010000
-0.030000
-0.010000
+0.000000
+0.000000
+0.000000
+0.000000
+0.000000
+0.000000
+0.020000
+0.020000
+0.010000
+0.020000
+0.030000
+0.070000
+0.090000
+0.150000
+0.200000
+0.290000
+0.370000
+0.440000
+0.500000
+0.600000
+0.700000
+0.810000
+0.890000
+1.000000
+1.090000
+1.220000
+1.350000
+1.430000
+1.480000
+1.600000
+1.630000
+1.680000
+1.730000
+1.680000
+1.580000
+1.600000
+1.560000
+1.580000
+1.610000
+1.590000
+1.650000
+1.690000
+1.710000
+0.030000
+0.040000
+0.040000
+0.100000
+0.110000
+0.150000
+0.140000
+0.150000
+0.160000
+0.170000
+0.210000
+0.220000
+0.210000
+0.160000
+0.110000
+0.030000
+0.030000
+0.000000
+0.000000
+0.000000
+0.000000
+0.000000
+0.000000
+0.000000
+0.000000
+0.000000
+0.000000
+0.000000
+0.000000
+0.000000
+0.000000
+0.000000
+0.000000
+0.000000
+0.000000
+0.000000
+0.000000
+0.000000
+0.000000
+0.000000
+0.000000
+0.000000
+0.000000
+0.000000
+0.000000
+0.000000
+0.000000
+0.000000
